N=108 - Iteration 1
# Número de partículas:      108
# Temperatura de referencia: 2.00
# Pasos de equilibración:    500
# Pasos de medición:         1500
# (mediciones cada 10 pasos)
# densidad, volumen, energía potencial media, presión media
1.200000	90.000000	-138.594482	-nan
1.100000	98.181816	-127.044937	0.906023
1.000000	108.000000	-115.495354	0.930597
0.900000	120.000000	-103.946045	0.933785
0.800000	135.000000	-92.396423	0.915582
0.700000	154.285721	-80.846703	0.875992
0.600000	180.000000	-69.297241	0.815016
0.500000	216.000000	-57.747677	0.732650
0.400000	270.000000	-46.198212	0.628896
# Tiempo total de simulación = 0.100586 segundos
# Tiempo simulado = 108.004065 [fs]
prueba de metrica: 115960.546875
# started on Tue Apr 22 20:35:20 2025


 Performance counter stats for './tiny_md':

            100,81 msec task-clock                       #    0,995 CPUs utilized             
                 0      context-switches                 #    0,000 /sec                      
                 0      cpu-migrations                   #    0,000 /sec                      
                79      page-faults                      #  783,631 /sec                      
       345.041.539      cycles                           #    3,423 GHz                       
       838.856.303      instructions                     #    2,43  insn per cycle            
        74.743.211      branches                         #  741,406 M/sec                     
           192.996      branch-misses                    #    0,26% of all branches           

       0,101308616 seconds time elapsed

       0,098367000 seconds user
       0,003011000 seconds sys


N=108 - Iteration 1
# started on Tue Apr 22 21:05:34 2025

