N=864 - Iteration 1
# Número de partículas:      864
# Temperatura de referencia: 2.00
# Pasos de equilibración:    500
# Pasos de medición:         1500
# (mediciones cada 10 pasos)
# densidad, volumen, energía potencial media, presión media
1.200000	720.000000	-1108.755859	-nan
1.100000	785.454529	-1016.359497	0.906023
1.000000	864.000000	-923.962830	0.930597
0.900000	960.000000	-831.568359	0.933784
0.800000	1080.000000	-739.171387	0.915582
0.700000	1234.285767	-646.773621	0.875992
0.600000	1440.000000	-554.377930	0.815016
0.500000	1728.000000	-461.981415	0.732650
0.400000	2160.000000	-369.585693	0.628896
# Tiempo total de simulación = 3.555664 segundos
# Tiempo simulado = 108.004065 [fs]
prueba de metrica: 209945.593750
# started on Tue Apr 22 20:35:21 2025


 Performance counter stats for './tiny_md':

          3.556,23 msec task-clock                       #    1,000 CPUs utilized             
                15      context-switches                 #    4,218 /sec                      
                 2      cpu-migrations                   #    0,562 /sec                      
                88      page-faults                      #   24,745 /sec                      
    12.616.408.233      cycles                           #    3,548 GHz                       
    33.013.818.260      instructions                     #    2,62  insn per cycle            
     2.043.235.575      branches                         #  574,551 M/sec                     
        12.502.979      branch-misses                    #    0,61% of all branches           

       3,556186017 seconds time elapsed

       3,543872000 seconds user
       0,012999000 seconds sys


N=864 - Iteration 1
# started on Tue Apr 22 21:05:35 2025

