N=500 - Iteration 1
# Número de partículas:      500
# Temperatura de referencia: 2.00
# Pasos de equilibración:    500
# Pasos de medición:         1500
# (mediciones cada 10 pasos)
# densidad, volumen, energía potencial media, presión media
1.200000	416.666656	-641.640808	-nan
1.100000	454.545441	-588.171692	0.906023
1.000000	500.000000	-534.700745	0.930597
0.900000	555.555542	-481.230896	0.933784
0.800000	625.000000	-427.761444	0.915582
0.700000	714.285706	-374.290161	0.875992
0.600000	833.333313	-320.820404	0.815016
0.500000	1000.000000	-267.350372	0.732650
0.400000	1250.000000	-213.880722	0.628896
# Tiempo total de simulación = 1.297852 segundos
# Tiempo simulado = 108.004065 [fs]
prueba de metrica: 192626.031250
# started on Tue Apr 22 20:35:26 2025


 Performance counter stats for './tiny_md':

          1.298,26 msec task-clock                       #    1,000 CPUs utilized             
                10      context-switches                 #    7,703 /sec                      
                 1      cpu-migrations                   #    0,770 /sec                      
                84      page-faults                      #   64,702 /sec                      
     4.488.255.319      cycles                           #    3,457 GHz                       
    11.740.442.317      instructions                     #    2,62  insn per cycle            
       773.902.813      branches                         #  596,107 M/sec                     
         6.171.203      branch-misses                    #    0,80% of all branches           

       1,298889723 seconds time elapsed

       1,283744000 seconds user
       0,014985000 seconds sys


N=500 - Iteration 1
# started on Tue Apr 22 21:05:36 2025

# started on Tue Apr 22 21:05:36 2025

