N=108 - Iteration 1
# started on Tue Apr 22 21:24:01 2025

N=108 - Iteration 1
# started on Tue Apr 22 21:25:57 2025

N=108 - Iteration 1
# started on Tue Apr 22 21:27:07 2025

N=108 - Iteration 1
# started on Tue Apr 22 21:52:32 2025

N=108 - Iteration 1
# started on Tue Apr 22 21:54:21 2025

N=108 - Iteration 1
# started on Tue Apr 22 21:55:17 2025

N=108 - Iteration 1
# started on Tue Apr 22 21:57:14 2025

N=108 - Iteration 1
# started on Tue Apr 22 21:57:21 2025

# started on Tue Apr 22 21:57:21 2025

N=108 - Iteration 1
# Número de partículas:      108
# Temperatura de referencia: 2.00
# Pasos de equilibración:    500
# Pasos de medición:         1500
# (mediciones cada 10 pasos)
# densidad, volumen, energía potencial media, presión media
1.200000	90.000000	-589.990173	29.137224
1.100000	98.181816	-641.086609	17.762159
1.000000	108.000000	-549.635803	14.959215
0.900000	120.000000	-546.393188	8.944167
0.800000	135.000000	-515.147888	5.207749
0.700000	154.285721	-461.048218	3.153161
0.600000	180.000000	-405.949463	1.719908
0.500000	216.000000	-337.852966	1.046121
0.400000	270.000000	-274.549500	0.737777
# Tiempo total de simulación = 1.812500 segundos
# Tiempo simulado = 108.004065 [fs]
prueba de metrica: 6435.310547
# started on Tue Apr 22 21:58:10 2025


 Performance counter stats for './tiny_md':

          1.811,19 msec task-clock                       #    0,999 CPUs utilized             
                27      context-switches                 #   14,907 /sec                      
                 1      cpu-migrations                   #    0,552 /sec                      
                80      page-faults                      #   44,170 /sec                      
     6.443.684.339      cycles                           #    3,558 GHz                       
     7.835.370.823      instructions                     #    1,22  insn per cycle            
     1.010.953.898      branches                         #  558,172 M/sec                     
       102.950.276      branch-misses                    #   10,18% of all branches           

       1,813100448 seconds time elapsed

       1,801657000 seconds user
       0,010003000 seconds sys


N=108 - Iteration 1
# Número de partículas:      108
# Temperatura de referencia: 2.00
# Pasos de equilibración:    500
# Pasos de medición:         1500
# (mediciones cada 10 pasos)
# densidad, volumen, energía potencial media, presión media
1.200000	90.000000	-590.808838	29.102955
1.100000	98.181816	-640.439941	17.791210
1.000000	108.000000	-616.406616	11.740819
0.900000	120.000000	-542.122559	9.182445
0.800000	135.000000	-509.075195	5.460531
0.700000	154.285721	-462.417511	3.081261
0.600000	180.000000	-403.385864	1.782790
0.500000	216.000000	-340.871887	1.060216
0.400000	270.000000	-276.148773	0.720247
# Tiempo total de simulación = 1.764648 segundos
# Tiempo simulado = 108.004065 [fs]
prueba de metrica: 6609.814941
# started on Tue Apr 22 21:59:26 2025


 Performance counter stats for './tiny_md':

          1.765,21 msec task-clock                       #    1,000 CPUs utilized             
                 7      context-switches                 #    3,966 /sec                      
                 2      cpu-migrations                   #    1,133 /sec                      
                80      page-faults                      #   45,320 /sec                      
     6.281.413.193      cycles                           #    3,558 GHz                       
     7.837.638.748      instructions                     #    1,25  insn per cycle            
     1.010.985.008      branches                         #  572,727 M/sec                     
        99.183.639      branch-misses                    #    9,81% of all branches           

       1,765822614 seconds time elapsed

       1,753732000 seconds user
       0,011998000 seconds sys


N=108 - Iteration 1
# Número de partículas:      108
# Temperatura de referencia: 2.00
# Pasos de equilibración:    500
# Pasos de medición:         1500
# (mediciones cada 10 pasos)
# densidad, volumen, energía potencial media, presión media
1.200000	90.000000	-591.322632	29.074024
1.100000	98.181816	-639.615967	17.840818
1.000000	108.000000	-550.916565	14.926021
0.900000	120.000000	-543.261780	9.092542
0.800000	135.000000	-512.476746	5.345206
0.700000	154.285721	-464.945892	3.031539
0.600000	180.000000	-403.698334	1.802238
0.500000	216.000000	-339.064972	1.070989
0.400000	270.000000	-273.090302	0.740863
# Tiempo total de simulación = 1.822266 segundos
# Tiempo simulado = 108.004065 [fs]
prueba de metrica: 6400.823242
# started on Tue Apr 22 21:59:33 2025


 Performance counter stats for './tiny_md':

          1.822,42 msec task-clock                       #    1,000 CPUs utilized             
                 6      context-switches                 #    3,292 /sec                      
                 3      cpu-migrations                   #    1,646 /sec                      
                79      page-faults                      #   43,349 /sec                      
     6.477.510.347      cycles                           #    3,554 GHz                       
     7.833.810.426      instructions                     #    1,21  insn per cycle            
     1.010.896.275      branches                         #  554,701 M/sec                     
       103.008.208      branch-misses                    #   10,19% of all branches           

       1,823011118 seconds time elapsed

       1,814961000 seconds user
       0,007999000 seconds sys


