N=108 - Iteration 1
# Número de partículas:      108
# Temperatura de referencia: 2.00
# Pasos de equilibración:    500
# Pasos de medición:         1500
# (mediciones cada 10 pasos)
# densidad, volumen, energía potencial media, presión media
1.200000	90.000000	-590.114197	29.129154
1.100000	98.181816	-641.308105	17.767851
1.000000	108.000000	-549.956482	14.953127
0.900000	120.000000	-538.436279	9.295940
0.800000	135.000000	-516.028198	5.142275
0.700000	154.285721	-464.702087	3.047647
0.600000	180.000015	-403.151672	1.708709
0.500000	216.000000	-337.667786	1.022744
0.400000	270.000031	-270.793945	0.741097
# Tiempo total de simulación = 1.501953 segundos
# Tiempo simulado = 108.004066 [fs]
prueba de metrica: 7765.888184
# started on Wed Apr 23 10:07:54 2025


 Performance counter stats for './tiny_md':

          1.497,10 msec task-clock                       #    0,996 CPUs utilized             
                10      context-switches                 #    6,680 /sec                      
                 3      cpu-migrations                   #    2,004 /sec                      
                79      page-faults                      #   52,769 /sec                      
     5.279.235.566      cycles                           #    3,526 GHz                       
     4.930.639.105      instructions                     #    0,93  insn per cycle            
       995.218.592      branches                         #  664,766 M/sec                     
       102.312.758      branch-misses                    #   10,28% of all branches           

       1,503267319 seconds time elapsed

       1,486717000 seconds user
       0,010997000 seconds sys


