N=500 - Iteration 1
# Número de partículas:      500
# Temperatura de referencia: 2.00
# Pasos de equilibración:    500
# Pasos de medición:         1500
# (mediciones cada 10 pasos)
# densidad, volumen, energía potencial media, presión media
1.200000	416.666656	-2744.766357	28.865814
1.100000	454.545441	-2962.791992	17.771748
1.000000	500.000000	-2515.119873	15.308016
0.900000	555.555542	-2521.170166	9.077216
0.800000	625.000000	-2378.389893	5.288069
0.700000	714.285706	-2157.007324	3.013975
0.600000	833.333374	-1873.609131	1.779017
0.500000	1000.000000	-1569.289062	1.094874
0.400000	1250.000122	-1273.336548	0.693399
# Tiempo total de simulación = 24.005859 segundos
# Tiempo simulado = 108.004066 [fs]
prueba de metrica: 10414.124023
# started on Wed Apr 23 10:09:09 2025


 Performance counter stats for './tiny_md':

         23.995,23 msec task-clock                       #    1,000 CPUs utilized             
               271      context-switches                 #   11,294 /sec                      
                33      cpu-migrations                   #    1,375 /sec                      
                83      page-faults                      #    3,459 /sec                      
    87.197.816.406      cycles                           #    3,634 GHz                       
    66.763.311.596      instructions                     #    0,77  insn per cycle            
    18.723.474.475      branches                         #  780,300 M/sec                     
     1.719.665.219      branch-misses                    #    9,18% of all branches           

      23,996304115 seconds time elapsed

      23,937354000 seconds user
       0,058025000 seconds sys


