N=256 - Iteration 1
# Número de partículas:      256
# Temperatura de referencia: 2.00
# Pasos de equilibración:    500
# Pasos de medición:         1500
# (mediciones cada 10 pasos)
# densidad, volumen, energía potencial media, presión media
1.200000	213.333328	-328.519836	-nan
1.100000	232.727264	-301.144165	0.906023
1.000000	256.000000	-273.766876	0.930597
0.900000	284.444458	-246.390518	0.933784
0.800000	320.000000	-219.013641	0.915582
0.700000	365.714294	-191.636749	0.875992
0.600000	426.666656	-164.259918	0.815016
0.500000	512.000000	-136.883438	0.732650
0.400000	640.000000	-109.506821	0.628896
# Tiempo total de simulación = 0.424316 segundos
# Tiempo simulado = 108.004065 [fs]
prueba de metrica: 154450.781250
# started on Tue Apr 22 20:35:25 2025


 Performance counter stats for './tiny_md':

            424,96 msec task-clock                       #    0,999 CPUs utilized             
                 2      context-switches                 #    4,706 /sec                      
                 0      cpu-migrations                   #    0,000 /sec                      
                80      page-faults                      #  188,255 /sec                      
     1.465.751.527      cycles                           #    3,449 GHz                       
     3.490.801.288      instructions                     #    2,38  insn per cycle            
       257.390.793      branches                         #  605,688 M/sec                     
         1.461.794      branch-misses                    #    0,57% of all branches           

       0,425366079 seconds time elapsed

       0,415414000 seconds user
       0,009985000 seconds sys


N=256 - Iteration 1
# started on Tue Apr 22 21:05:36 2025

