# t Temp Pres Epot Etot
0.000000 2.033681 30.686584 -559.805603 -230.349304
0.050000 2.031064 28.828028 -594.897156 -265.864807
0.100000 1.944789 28.076326 -608.649963 -293.594177
0.150000 2.018088 30.318254 -566.555298 -239.625061
0.200000 1.993001 28.944263 -594.149475 -271.283264
0.250000 1.962835 28.738005 -595.711609 -277.732269
0.300000 1.996422 28.771818 -598.284729 -274.864410
0.350000 2.021568 28.413244 -602.867737 -275.373657
0.400000 1.932320 29.166424 -587.207092 -274.171295
0.450000 1.973904 29.773739 -579.269104 -259.496613
0.500000 2.014422 28.676443 -599.402039 -273.065674
0.550000 2.001126 29.289553 -586.452637 -262.270264
0.600000 1.942997 29.036690 -591.676025 -276.910431
0.650000 2.005827 29.680761 -578.412109 -253.468048
0.700000 1.979824 29.782675 -578.391663 -257.660248
0.749999 2.001129 28.710035 -597.530640 -273.347778
0.799999 1.984865 27.494394 -620.230103 -298.682007
0.849999 1.991427 27.739311 -614.307190 -291.695953
0.899999 1.943673 28.818249 -594.556213 -279.681183
0.949999 2.020361 29.773891 -578.826050 -251.527588
0.999999 2.042554 31.433937 -547.546875 -216.653076
1.049999 1.990946 27.536320 -619.931580 -297.398346
1.099999 2.014158 28.787764 -598.811279 -272.517700
1.149999 1.984827 31.557079 -541.310974 -219.769043
1.199999 2.011322 28.454369 -602.069214 -276.234985
1.249999 2.052814 28.544632 -601.866638 -269.310760
1.299999 1.945925 27.659191 -615.431396 -300.191620
1.349999 2.048424 29.503180 -584.596008 -252.751373
1.399999 1.949337 29.494089 -581.795288 -266.002686
1.449999 2.000690 29.581314 -581.172546 -257.060730
1.499999 1.977755 28.595789 -599.244690 -278.848358
1.549999 2.068606 28.158169 -608.786560 -273.672424
1.599999 2.035320 31.047531 -551.502014 -221.780151
1.649999 1.980359 29.065195 -591.448853 -270.630768
1.699999 2.020031 28.485165 -603.138367 -275.893402
1.749999 1.948087 30.174854 -567.795715 -252.205658
1.799999 1.997713 29.202721 -588.792358 -265.162781
1.849998 1.999924 28.425856 -601.411987 -277.424316
1.899998 1.991444 27.987188 -610.991211 -288.377228
1.949998 2.001893 30.012434 -573.033813 -248.727173
1.999998 2.034586 29.048586 -591.336365 -261.733398
2.049999 1.992521 27.194689 -626.887695 -304.099365
2.100001 2.017534 30.115732 -570.666931 -243.826447
2.150002 2.008358 29.874315 -577.128845 -251.774872
2.200003 1.993899 27.331816 -626.125061 -303.113403
2.250004 1.943232 30.431967 -563.711060 -248.907471
2.300005 2.013062 30.369179 -569.387329 -243.271362
2.350006 2.032542 28.751596 -597.385864 -268.113983
2.400007 1.939695 28.062849 -606.416870 -292.186340
2.450009 1.977803 30.841297 -554.644409 -234.240387
2.500010 1.953036 28.968420 -593.603638 -277.211792
2.550011 2.071491 30.024427 -573.805420 -238.223969
2.600012 1.974720 28.792046 -597.335632 -277.431061
2.650013 2.018491 29.228172 -590.209045 -263.213501
2.700014 2.045093 28.599957 -602.205078 -270.900085
2.750015 1.922385 27.185406 -624.634277 -313.207947
2.800017 2.005103 30.548325 -564.365723 -239.538971
2.850018 2.011835 29.438688 -586.821045 -260.903809
2.900019 2.017564 28.746765 -597.996399 -271.151001
2.950020 1.982585 29.682693 -580.395813 -259.217010
3.000021 1.927024 30.004196 -572.269592 -260.091766
3.050022 2.006637 28.074312 -609.533508 -284.458344
3.100024 2.005133 29.492847 -583.088928 -258.257446
3.150025 2.006130 29.149075 -590.873779 -265.880768
3.200026 2.016752 29.407326 -584.590454 -257.876587
3.250027 1.989730 26.914789 -633.075989 -310.739746
3.300028 1.964918 29.908098 -574.755432 -256.438782
3.350029 2.027718 31.336510 -548.138855 -219.648560
3.400030 2.054135 26.480598 -642.264893 -309.495056
3.450032 1.919338 29.473145 -582.918457 -271.985626
3.500033 1.986700 29.833147 -575.930176 -254.084839
3.550034 2.045104 29.333523 -586.411194 -255.104309
3.600035 2.058622 28.964851 -594.382507 -260.885803
3.650036 2.044430 28.144741 -608.675720 -277.478149
3.700037 2.033695 29.425638 -584.359253 -254.900635
3.750038 1.947439 30.025843 -573.821899 -258.336823
3.800040 2.015023 29.367748 -584.075745 -257.642029
3.850041 2.001522 28.490986 -601.222778 -276.976196
3.900042 1.974401 28.653929 -597.940186 -278.087189
3.950043 2.036629 30.138315 -574.032898 -244.098938
4.000044 1.965445 30.294064 -566.909668 -248.507599
4.050045 2.011099 28.010103 -612.423828 -286.625854
4.100046 2.012087 29.563103 -582.671936 -256.713898
4.150047 2.055950 26.481977 -643.764648 -310.700775
4.200048 1.936385 29.147354 -588.775391 -275.081055
4.250050 1.922216 31.534031 -545.954651 -234.555725
4.300051 2.037267 28.836624 -596.610535 -266.573242
4.350052 2.018008 29.030859 -594.198792 -267.281494
4.400053 2.014526 28.646669 -598.754089 -272.400909
4.450054 1.984714 28.297499 -607.571533 -286.047821
4.500055 1.967530 28.880548 -594.711060 -275.971191
4.550056 2.027258 29.415649 -586.784790 -258.368927
4.600058 2.004133 29.264624 -589.783325 -265.113861
4.650059 2.001078 28.757544 -597.361389 -273.186768
4.700060 2.057934 26.732660 -637.606812 -304.221558
4.750061 1.971061 28.954250 -594.252319 -274.940460
4.800062 2.002800 30.650703 -563.007446 -238.553864
4.850063 2.064781 27.771133 -618.050964 -283.556458
4.900064 2.018068 27.004461 -630.254211 -303.327271
4.950066 1.957825 29.952618 -574.435059 -257.267456
5.000067 2.024755 29.347553 -586.365051 -258.354706
5.050068 2.005328 29.356495 -585.675293 -260.812195
5.100069 1.971564 29.574894 -581.568115 -262.174774
5.150070 2.041010 28.251184 -607.139099 -276.495453
5.200071 2.043551 26.479345 -640.878601 -309.823334
5.250072 1.900124 29.605314 -577.244751 -269.424652
5.300074 2.019345 29.797953 -578.779053 -251.645172
5.350075 2.013776 29.020500 -591.610168 -265.378448
5.400076 1.969124 28.721991 -596.175293 -277.177246
5.450077 2.009608 30.934948 -557.100464 -231.543945
5.500078 1.974969 29.260969 -585.262268 -265.317230
5.550079 1.999281 30.118702 -570.754578 -246.871033
5.600080 2.006384 26.770023 -635.701050 -310.666840
5.650082 1.949027 29.078060 -590.655640 -274.913239
5.700083 1.991453 28.942999 -593.776672 -271.161316
5.750084 2.017020 29.571074 -586.106323 -259.349121
5.800085 2.011199 27.839184 -615.697449 -289.883301
5.850086 2.003609 29.645325 -582.407593 -257.822937
5.900087 2.006974 30.521236 -565.029602 -239.899841
5.950089 1.952793 29.764015 -579.716858 -263.364410
6.000090 2.070111 27.342743 -624.992004 -289.634003
6.050091 1.926208 29.177710 -587.207336 -275.161713
6.100092 1.969035 29.552866 -581.721069 -262.737335
6.150093 2.051101 30.194202 -571.660583 -239.382172
6.200094 2.041565 28.339676 -607.341736 -276.608215
6.250095 1.960170 29.081152 -589.120361 -271.572784
6.300097 2.020306 30.397688 -567.448242 -240.158722
6.350098 2.018231 27.625507 -618.858826 -291.905396
6.400099 1.954309 27.899244 -611.868958 -295.270844
6.450100 2.058921 30.398970 -567.061768 -233.516632
6.500101 1.956666 27.114346 -626.422119 -309.442230
6.550102 1.981075 30.115023 -573.838440 -252.904266
6.600103 2.029139 29.881834 -577.478638 -248.758179
6.650105 2.036782 30.671513 -562.156372 -232.197662
6.700106 2.039093 27.769035 -615.691711 -285.358551
6.750107 2.024691 27.650135 -619.585754 -291.585754
6.800108 2.003653 29.056873 -592.418762 -267.827057
6.850109 2.035442 29.506250 -583.201355 -253.459808
6.900110 2.009466 28.555462 -601.800659 -276.267212
6.950111 1.984823 28.403934 -604.178589 -282.637329
7.000113 2.013566 31.517826 -543.220581 -217.022949
7.050114 2.023336 27.834238 -615.861328 -288.080963
7.100115 2.000982 27.763630 -616.243469 -292.084442
7.150116 1.902427 30.568077 -563.304688 -255.111542
7.200117 2.052819 29.525341 -585.001526 -252.444885
7.250118 2.027707 27.849604 -615.187683 -286.699097
7.300119 1.959592 28.619114 -598.284363 -280.830414
7.350121 1.997647 30.701885 -560.662720 -237.043945
7.400122 2.060339 29.823715 -577.865784 -244.090912
7.450123 2.034904 28.056320 -611.895203 -282.240845
7.500124 1.994945 17.589790 -645.079102 -321.898041
7.550125 1.986740 17.974289 -636.554871 -314.703064
7.600126 2.016625 17.189650 -652.235962 -325.542633
7.650127 1.992752 17.269335 -651.789185 -328.963318
7.700129 1.956364 18.937820 -618.399353 -301.468414
7.750130 2.044486 18.837486 -621.568970 -290.362244
7.800131 2.024882 18.496645 -627.222595 -299.191742
7.850132 1.985651 16.691530 -659.509521 -337.834106
7.900133 1.964501 16.695929 -662.624573 -344.375458
7.950134 2.020177 20.240202 -593.057495 -265.788849
8.000135 2.088136 17.249847 -652.027954 -313.749878
8.050137 2.022903 16.093540 -672.912720 -345.202423
8.100138 1.979139 16.537012 -666.145264 -345.524811
8.150139 1.991723 18.114660 -636.330872 -313.671753
8.200140 2.024532 19.987049 -600.258301 -272.284119
8.250141 2.034813 19.041134 -615.349976 -285.710327
8.300142 2.001698 17.608932 -644.596008 -320.320923
8.350143 2.001044 17.629063 -641.366272 -317.197113
8.400145 1.977404 16.968376 -657.121643 -336.782196
8.450146 2.003922 16.856529 -658.641357 -334.006073
8.500147 1.972240 17.028597 -657.794678 -338.291748
8.550148 1.998865 18.815273 -621.333130 -297.516937
8.600149 1.993416 17.639631 -641.345215 -318.411835
8.650150 2.001807 20.168024 -591.042725 -266.749939
8.700151 2.082500 19.164167 -614.485596 -277.120514
8.750153 2.038495 16.782364 -662.475708 -332.239594
8.800154 2.002879 17.755342 -640.819397 -316.352936
8.850155 2.020284 16.679882 -662.455933 -335.169952
8.900156 2.015043 16.346399 -669.935120 -343.498108
8.950157 1.993450 17.083382 -653.845825 -330.906952
9.000158 1.948483 18.546780 -626.012207 -310.358002
9.050159 2.040554 18.359024 -631.080200 -300.510468
9.100161 1.986286 18.720062 -621.985718 -300.207367
9.150162 2.066373 18.163950 -635.217346 -300.464966
9.200163 1.991787 16.914766 -656.423950 -333.754395
9.250164 1.998941 17.139414 -654.085449 -330.257050
9.300165 1.993904 17.896231 -638.591858 -315.579346
9.350166 1.998263 16.503744 -666.401978 -342.683380
9.400167 2.040387 18.361227 -629.217651 -298.674988
9.450169 2.017968 17.573723 -645.972656 -319.061829
9.500170 1.976871 20.133539 -593.270020 -273.016968
9.550171 1.993476 17.647444 -646.174500 -323.231415
9.600172 1.992538 17.510279 -648.595642 -325.804474
9.650173 2.044069 19.908890 -595.573364 -264.434265
9.700174 1.996047 16.476389 -664.902222 -341.542633
9.750175 1.976426 16.766283 -659.961487 -339.780518
9.800177 2.016912 17.051889 -654.631531 -327.891815
9.850178 1.939896 17.960720 -635.347778 -321.084656
9.900179 2.052605 18.122496 -635.591919 -303.069946
9.950180 1.941472 17.346678 -647.911072 -333.392670
10.000181 2.030365 16.566158 -664.696350 -335.777313
10.050182 2.007918 17.664133 -641.572815 -316.290131
10.100183 1.952145 18.463764 -626.139648 -309.892090
10.150185 2.027459 18.336342 -629.750549 -301.302216
10.200186 1.976653 19.633526 -602.950867 -282.733124
10.250187 2.040852 18.892841 -618.469177 -287.851227
10.300188 1.989954 15.458938 -685.312073 -362.939545
10.350189 1.969986 14.876569 -697.419495 -378.281830
10.400190 1.965701 17.971142 -636.383728 -317.940094
10.450191 2.011791 18.849285 -620.535645 -294.625580
10.500193 1.993396 17.074551 -656.156555 -333.226471
10.550194 1.974133 18.036156 -638.572388 -318.762756
10.600195 2.038267 17.130024 -656.665894 -326.466705
10.650196 1.938729 17.200369 -649.324829 -335.250732
10.700197 2.019142 19.737959 -600.937744 -273.836792
10.750198 1.987812 16.974485 -656.532227 -334.506683
10.800200 2.007820 16.290361 -670.605225 -345.338379
10.850201 1.979909 17.894642 -638.046387 -317.301056
10.900202 1.986544 18.797329 -617.975098 -296.155029
10.950203 1.983255 19.117790 -613.329407 -292.042053
11.000204 2.069752 16.847952 -661.046509 -325.746735
11.050205 1.986984 18.436539 -627.561829 -305.670349
11.100206 1.965086 19.660385 -603.234131 -284.890198
11.150208 2.071193 18.450010 -628.930664 -293.397461
11.200209 1.954273 16.113695 -674.646118 -358.053833
11.250210 2.011926 18.303305 -632.183167 -306.251221
11.300211 1.952489 17.365675 -644.861633 -328.558472
11.350212 2.015008 16.683132 -663.707947 -337.276703
11.400213 1.964604 17.196718 -652.268188 -334.002350
11.450214 2.022572 19.008926 -615.692261 -288.035553
11.500216 1.983938 18.687946 -622.747009 -301.349091
11.550217 2.034840 16.894608 -660.803345 -331.159210
11.600218 2.013829 17.540302 -644.544373 -318.304138
11.650219 2.018656 16.725433 -663.353333 -336.330994
11.700220 1.992015 18.937035 -616.274170 -293.567810
11.750221 2.001752 19.254646 -611.934448 -287.650665
11.800222 2.023075 18.028027 -637.256897 -309.518707
11.850224 2.067775 18.839592 -620.097473 -285.117981
11.900225 1.966935 17.394733 -647.902649 -329.259155
11.950226 1.991850 18.147778 -633.060242 -310.380524
12.000227 2.035446 18.092026 -635.307617 -305.565338
12.050228 1.967826 18.904301 -618.041870 -299.254089
12.100229 2.040724 18.261196 -632.326721 -301.729523
12.150230 2.026848 15.883716 -679.134949 -350.785645
12.200232 1.981918 16.177540 -671.040771 -349.970032
12.250233 2.018157 17.658905 -643.121948 -316.180420
12.300234 1.966135 17.403965 -649.566284 -331.052460
12.350235 2.050311 18.194162 -634.608459 -302.458038
12.400236 1.994344 19.734348 -597.670288 -274.586517
12.450237 1.979053 19.106411 -612.665100 -292.058441
12.500238 2.028193 18.484707 -626.038818 -297.471619
12.550240 2.030082 16.683144 -660.971619 -332.098267
12.600241 2.004436 17.242632 -648.839539 -324.120880
12.650242 1.955073 20.076294 -596.152893 -279.431030
12.700243 2.011318 19.874613 -599.868958 -274.035370
12.750244 1.984502 18.451708 -627.527283 -306.037903
12.800245 2.019526 17.418777 -649.220337 -322.057129
12.850246 2.010379 15.512563 -686.947327 -361.265961
12.900248 2.018133 18.167978 -634.985413 -308.047821
12.950249 2.011678 19.821014 -599.211975 -273.320099
13.000250 1.972102 16.079067 -674.408569 -354.927979
13.050251 2.041014 17.429653 -649.295532 -318.651184
13.100252 2.002358 18.510035 -626.434631 -302.052551
13.150253 1.967698 17.373526 -647.188721 -328.421600
13.200254 2.012475 17.132893 -655.941345 -329.920380
13.250256 1.968412 18.856735 -619.217346 -300.334625
13.300257 1.955302 20.037420 -597.053162 -280.294159
13.350258 2.021260 17.365555 -651.178589 -323.734436
13.400259 2.000155 19.763359 -599.733459 -275.708374
13.450260 1.985666 19.847828 -599.515198 -277.837250
13.500261 2.018717 17.461115 -649.463684 -322.431519
13.550262 2.046457 15.326949 -691.629822 -360.103821
13.600264 1.981618 16.280928 -668.743713 -347.721649
13.650265 1.955064 17.109270 -655.122131 -338.401825
13.700266 1.983042 20.538162 -585.218445 -263.965607
13.750267 1.988838 17.450054 -646.120300 -323.928467
13.800268 2.000019 18.026451 -634.560120 -310.557007
13.850269 2.007101 17.276489 -646.751404 -321.600983
13.900270 2.001881 18.450212 -625.157349 -300.852661
13.950272 2.018125 20.321629 -589.642639 -262.706421
14.000273 2.023994 17.379248 -649.513245 -321.626251
14.050274 2.034720 17.167250 -651.493286 -321.868683
14.100275 1.934347 17.786383 -638.123596 -324.759460
14.150276 1.990142 17.848579 -639.350403 -316.947327
14.200277 1.990476 19.111532 -613.127808 -290.670685
14.250278 2.031090 18.264683 -628.723267 -299.686615
14.300280 1.957225 17.596535 -645.987671 -328.917206
14.350281 2.034058 18.700583 -623.983337 -294.466003
14.400282 2.033595 16.490664 -669.450684 -340.008270
14.450283 1.958928 15.411910 -685.639343 -368.292938
14.500284 1.966676 17.976593 -637.189880 -318.588318
14.550285 1.979890 19.169346 -612.265442 -291.523193
14.600286 2.031415 18.080708 -635.484680 -306.395416
14.650288 2.035257 16.216730 -675.178650 -345.467041
14.700289 2.015517 15.596072 -686.107483 -359.593658
14.750290 1.989683 18.143040 -636.041443 -313.712799
14.800291 1.980413 18.048277 -635.385803 -314.558838
14.850292 2.036327 16.429691 -670.315308 -340.430389
14.900293 1.980997 17.066734 -655.777954 -334.856476
14.950294 1.987192 17.792410 -638.893982 -316.968842
15.000296 1.999204 14.691129 -550.527893 -226.656921
15.050297 2.008911 13.835141 -573.694397 -248.250793
15.100298 2.023031 14.975198 -546.739014 -219.007904
15.150299 2.018200 13.957617 -568.297913 -241.349579
15.200300 1.974604 13.476789 -582.150696 -262.264832
15.250301 2.051365 13.613226 -581.297485 -248.976379
15.300303 1.951548 14.258118 -560.421265 -244.270447
15.350304 1.982213 13.653787 -579.133850 -258.015320
15.400305 1.928777 16.262510 -525.489075 -213.027252
15.450306 2.024338 14.693380 -561.696289 -233.753448
15.500307 2.006746 14.241983 -564.614258 -239.521484
15.550308 2.019568 13.715800 -574.970337 -247.800293
15.600309 2.006128 14.270661 -565.783691 -240.791016
15.650311 1.971868 16.988489 -511.616669 -192.174103
15.700312 2.052053 14.056789 -572.780945 -240.348358
15.750313 1.965407 15.098790 -547.683167 -229.287231
15.800314 1.999390 14.523385 -562.062988 -238.161865
15.850315 1.979104 15.374787 -541.673950 -221.059082
15.900316 1.993819 15.717124 -537.550537 -214.551788
15.950317 2.070225 16.232910 -526.782715 -191.406311
16.000319 1.988016 15.738299 -537.205139 -215.146484
16.050310 2.020177 15.225965 -544.024292 -216.755676
16.100302 2.003381 15.325820 -543.612122 -219.064331
16.150293 1.964940 14.726092 -558.412354 -240.092072
16.200285 2.051226 14.474275 -559.207764 -226.909119
16.250277 1.987733 13.891282 -571.162354 -249.149658
16.300268 2.009737 14.027987 -567.966919 -242.389496
16.350260 1.951056 12.658745 -598.730530 -282.659515
16.400251 1.998637 17.190495 -499.137482 -175.358276
16.450243 1.991913 15.639451 -538.293091 -215.603210
16.500235 1.980077 13.776696 -581.581238 -260.808746
16.550226 2.032517 14.968390 -551.016907 -221.749176
16.600218 1.987724 14.407053 -559.476929 -237.465698
16.650209 1.975045 13.950356 -571.084534 -251.127197
16.700201 2.011612 13.662514 -576.809448 -250.928223
16.750193 1.998576 14.370316 -562.956177 -239.186920
16.800184 2.035120 14.892480 -551.894836 -222.205383
16.850176 1.979404 13.836440 -576.344177 -255.680695
16.900167 1.980781 15.779849 -533.424622 -212.538116
16.950159 1.905864 15.719314 -529.220764 -220.470795
17.000151 2.037365 15.775271 -530.855408 -200.802277
17.050142 1.991375 15.131089 -545.192261 -222.589508
17.100134 1.936251 15.014131 -545.443848 -231.771210
17.150126 2.016427 16.300850 -521.068970 -194.407745
17.200117 2.013949 16.182720 -520.883728 -194.624054
17.250109 2.039368 14.899320 -550.128296 -219.750671
17.300100 1.991444 14.915709 -548.304871 -225.690948
17.350092 2.002971 13.927314 -574.386780 -249.905518
17.400084 2.007964 14.366804 -565.906982 -240.616760
17.450075 1.984635 13.998572 -572.858887 -251.348083
17.500067 2.014250 15.641786 -531.931519 -205.623047
17.550058 1.966633 14.986913 -544.227295 -225.632721
17.600050 2.011851 13.456181 -580.351868 -254.432007
17.650042 1.982647 15.751439 -529.869690 -208.680817
17.700033 1.984906 15.903461 -525.609741 -204.054901
17.750025 1.981924 13.951198 -572.151672 -251.079956
17.800016 1.995172 16.329592 -521.684631 -198.466797
17.850008 1.989372 16.082293 -527.521851 -205.243652
17.900000 2.014815 14.126904 -567.637817 -241.237793
17.949991 2.016919 14.616578 -554.917297 -228.176483
17.999983 1.994164 14.616064 -559.643555 -236.589020
18.049974 1.991951 15.558198 -535.880066 -213.183960
18.099966 1.988732 15.560954 -532.060364 -209.885834
18.149958 1.976063 15.058541 -544.581116 -224.458832
18.199949 2.025437 13.615386 -583.775574 -255.654785
18.249941 2.027707 14.496677 -561.454468 -232.965881
18.299932 1.984554 13.559692 -578.797607 -257.299866
18.349924 2.013898 14.245584 -562.513123 -236.261688
18.399916 2.018605 14.327236 -561.296631 -234.282684
18.449907 2.020453 14.180973 -562.099060 -234.785706
18.499899 1.982353 14.059039 -570.070801 -248.929626
18.549891 1.983988 16.352837 -523.682556 -202.276489
18.599882 1.948343 16.086941 -522.271118 -206.639557
18.649874 2.021201 14.898768 -550.174744 -222.740204
18.699865 2.013813 14.115550 -569.717102 -243.479309
18.749857 2.010582 15.083398 -547.416931 -221.702576
18.799849 1.922158 16.015366 -524.690918 -213.301331
18.849840 2.042547 14.380347 -563.089661 -232.196960
18.899832 2.000314 13.886069 -566.751770 -242.700897
18.949823 1.999737 14.055261 -564.518555 -240.561127
18.999815 2.010603 14.552606 -557.660095 -231.942444
19.049807 1.989305 14.823644 -553.381958 -231.114594
19.099798 1.961352 16.001614 -528.339233 -210.600189
19.149790 2.023282 16.323246 -524.449341 -196.677704
19.199781 2.035160 13.883154 -574.837280 -245.141296
19.249773 1.980171 13.032960 -588.538330 -267.750610
19.299765 1.987969 14.805195 -555.174988 -233.124084
19.349756 1.971852 16.240917 -523.094543 -203.654510
19.399748 1.987247 14.673074 -557.386841 -235.452789
19.449739 2.030731 17.405790 -499.383850 -170.405457
19.499731 2.004678 16.141008 -526.485229 -201.727325
19.549723 2.014335 13.662930 -579.300598 -252.978363
19.599714 1.990742 13.056670 -592.237427 -269.737244
19.649706 2.040739 15.115808 -544.764404 -214.164703
19.699697 1.992329 14.824356 -549.254822 -226.497528
19.749689 2.015660 12.495700 -606.733643 -280.196716
19.799681 2.019092 14.797462 -554.605896 -227.513062
19.849672 1.991625 14.963792 -552.267578 -229.624268
19.899664 1.986252 14.383580 -563.075317 -241.302429
19.949656 1.986423 15.437974 -537.481628 -215.681122
19.999647 2.019329 14.384873 -563.875549 -236.744293
20.049639 1.986053 14.993358 -548.822388 -227.081818
20.099630 1.973194 15.964478 -533.818542 -214.161072
20.149622 2.029792 14.579025 -560.099121 -231.272827
20.199614 1.931862 14.680860 -553.166809 -240.205231
20.249605 2.030916 13.927340 -575.391785 -246.383453
20.299597 1.966842 15.669145 -533.300476 -214.672119
20.349588 1.992172 14.616790 -558.513062 -235.781250
20.399580 2.009423 14.189286 -570.104126 -244.577637
20.449572 1.986414 16.152874 -522.644104 -200.845062
20.499563 2.014705 14.556526 -559.150635 -232.768433
20.549555 1.962143 16.529856 -513.307495 -195.440308
20.599546 1.992657 15.707969 -533.883484 -211.073059
20.649538 1.981342 14.896430 -552.032837 -231.055359
20.699530 1.983860 15.586118 -538.081970 -216.696655
20.749521 2.007963 15.145806 -547.444275 -222.154297
20.799513 2.003236 15.383986 -542.444641 -217.920441
20.849504 2.026558 13.281640 -591.548889 -263.246521
20.899496 2.008078 14.319723 -564.211609 -238.902954
20.949488 2.004811 15.318189 -539.401001 -214.621704
20.999479 2.007730 14.038384 -570.265320 -245.013031
21.049471 2.029376 15.572553 -536.223206 -207.464264
21.099463 1.983338 13.425940 -583.331909 -262.031067
21.149454 1.978244 15.207143 -545.849182 -225.373688
21.199446 2.011962 15.292926 -543.242432 -217.304504
21.249437 1.971571 15.718554 -535.851135 -216.456573
21.299429 2.037015 15.834260 -536.279907 -206.283508
21.349421 2.027853 15.616843 -539.236450 -210.724182
21.399412 1.974397 16.801258 -509.315186 -189.462921
21.449404 2.012653 15.538627 -540.034058 -213.984253
21.499395 1.976261 15.353444 -543.328369 -223.174103
21.549387 1.990533 17.166023 -503.997772 -181.531464
21.599379 2.021970 16.088055 -530.792175 -203.233093
21.649370 2.049853 15.840671 -536.273438 -204.197327
21.699362 1.987218 14.641306 -559.125854 -237.196503
21.749353 2.025258 16.516466 -520.932373 -192.840607
21.799345 1.982056 14.629892 -557.419495 -236.326447
21.849337 2.017660 14.495131 -558.905029 -232.044098
21.899328 1.915517 15.089305 -545.629639 -235.315918
21.949320 2.018456 16.438078 -518.430664 -191.440735
21.999311 2.003868 13.980650 -570.529114 -245.902557
22.049303 2.040862 13.369267 -585.348267 -254.728607
22.099295 1.944088 14.193072 -562.488892 -247.546631
22.149286 1.951992 14.239590 -562.624390 -246.401672
22.199278 1.975515 15.368854 -537.791870 -217.758362
22.249269 1.977713 14.933261 -548.825867 -228.436371
22.299261 1.983930 16.608891 -515.073730 -193.677032
22.349253 1.999142 16.086794 -528.508240 -204.647308
22.399244 2.037653 16.053600 -528.916077 -198.816315
22.449236 2.004008 14.847301 -551.265686 -226.616455
22.499228 2.002108 9.258129 -540.319397 -215.977844
22.549219 1.988243 9.478783 -534.248962 -212.153625
22.599211 2.013363 9.226108 -542.859314 -216.694550
22.649202 2.000165 8.369401 -559.624756 -235.598114
22.699194 1.996373 8.056969 -565.687805 -242.275360
22.749186 2.022964 7.867379 -571.940979 -244.220825
22.799177 1.969496 7.964913 -567.115234 -248.056824
22.849169 1.968315 7.762489 -569.955200 -251.088226
22.899160 1.950727 9.141755 -541.338684 -225.320984
22.949152 1.969752 9.598554 -530.399353 -211.299500
22.999144 1.998365 9.451909 -536.459167 -212.723999
23.049135 2.023268 8.929708 -549.823303 -222.053894
23.099127 1.966563 8.608809 -554.823486 -236.240204
23.149118 2.012128 8.647941 -555.802063 -229.837341
23.199110 2.003526 8.379148 -564.891907 -240.320648
23.249102 1.983045 9.984113 -523.722534 -202.469177
23.299093 1.995750 8.895844 -548.452209 -225.140747
23.349085 1.985214 7.886043 -570.895996 -249.291260
23.399076 1.993008 8.147695 -562.850952 -239.983643
23.449068 1.998878 10.135955 -519.616150 -195.797943
23.499060 1.984779 10.099598 -519.576782 -198.042572
23.549051 2.021804 9.272742 -541.490540 -213.958252
23.599043 1.938227 10.946248 -499.936157 -185.943451
23.649035 2.025029 10.013341 -527.448914 -199.394196
23.699026 2.007913 9.598928 -532.191162 -206.909210
23.749018 2.021179 9.184281 -544.755371 -217.324432
23.799009 1.996819 8.205672 -567.075684 -243.591003
23.849001 2.038788 10.393989 -516.937988 -186.654327
23.898993 2.005126 9.213643 -540.572205 -215.741882
23.948984 1.955080 8.406927 -555.743774 -239.020782
23.998976 2.010671 8.095697 -566.061646 -240.332977
24.048967 1.938678 9.203309 -540.750244 -226.684448
24.098959 1.992981 9.677135 -533.034851 -210.171997
24.148951 1.979666 9.045869 -548.963501 -228.257599
24.198942 2.039270 9.528376 -538.175720 -207.813965
24.248934 2.005086 8.601707 -554.185303 -229.361420
24.298925 2.017760 7.874457 -568.806030 -241.928955
24.348917 1.985193 7.742021 -571.174988 -249.573730
24.398909 1.980687 8.430237 -554.977600 -234.106323
24.448900 1.953382 8.363954 -561.125732 -244.677765
24.498892 2.024015 9.542139 -535.185242 -207.294830
24.548883 2.004953 9.379251 -535.864685 -211.062347
24.598875 2.014640 8.043347 -568.928650 -242.556946
24.648867 1.969751 8.353003 -562.390015 -243.290375
24.698858 2.015549 9.282955 -540.862854 -214.343872
24.748850 1.979797 9.428178 -535.541748 -214.814667
24.798841 1.987521 8.815228 -550.483093 -228.504761
24.848833 1.969379 9.201873 -543.417236 -224.377899
24.898825 2.039850 10.760649 -509.446625 -178.990906
24.948816 2.005618 8.053503 -565.326660 -240.416504
24.998808 1.996915 9.518361 -533.168030 -209.667786
25.048800 1.984777 10.049064 -526.978638 -205.444702
25.098791 1.987721 10.110696 -525.659668 -203.648895
25.148783 2.013309 8.909031 -550.739990 -224.583923
25.198774 2.029921 8.532047 -552.465759 -223.618622
25.248766 2.011955 8.018803 -562.587769 -236.651001
25.298758 1.991694 7.026065 -587.077759 -264.423401
25.348749 1.980077 7.244922 -580.367249 -259.594849
25.398741 1.997933 9.891103 -518.293884 -194.628693
25.448732 2.010626 9.342623 -535.174316 -209.452850
25.498724 2.024647 7.981225 -568.186340 -240.193542
25.548716 2.000360 8.677520 -547.388916 -223.330688
25.598707 2.007226 8.369878 -559.455566 -234.284882
25.648699 2.036434 8.556483 -558.929138 -229.026886
25.698690 1.958326 9.594307 -538.286621 -221.037781
25.748682 2.001266 8.903021 -555.453857 -231.248840
25.798674 2.053496 9.067756 -549.063904 -216.397491
25.848665 1.966759 9.637887 -531.594482 -212.979553
25.898657 1.988197 9.356448 -539.229797 -217.141846
25.948648 2.026143 9.036373 -544.713379 -216.478210
25.998640 1.985354 9.363135 -533.525269 -211.897888
26.048632 2.007063 9.928967 -521.901367 -196.757111
26.098623 1.970220 9.582814 -527.469910 -208.294189
26.148615 2.008258 9.124244 -545.713806 -220.376038
26.198606 1.999683 11.206172 -497.841431 -173.892761
26.248598 2.012965 8.792929 -554.544861 -228.444580
26.298590 1.954330 9.082360 -546.511108 -229.909637
26.348581 2.030567 10.591234 -513.582397 -184.630585
26.398573 1.992112 11.045157 -499.384003 -176.661835
26.448565 2.009478 10.127840 -521.388428 -195.853058
26.498556 1.961795 9.875558 -521.240479 -203.429688
26.548548 1.936733 11.367341 -486.587830 -172.837097
26.598539 2.039121 9.366857 -538.375854 -208.038208
26.648531 1.983628 8.262925 -563.623352 -242.275635
26.698523 2.012840 9.280109 -535.813049 -209.732971
26.748514 2.013455 8.915509 -543.627319 -217.447662
26.798506 1.974454 8.398755 -558.192383 -238.330780
26.848497 2.003379 9.247902 -538.635681 -214.088287
26.898489 2.024620 9.020158 -546.643616 -218.655121
26.948481 1.971549 8.990957 -542.247131 -222.856171
26.998472 1.988138 8.883355 -546.333862 -224.255554
27.048464 1.983691 10.040081 -518.722900 -197.364929
27.098455 2.020165 8.514477 -556.104248 -228.837555
27.148447 2.038649 7.698935 -569.361816 -239.100616
27.198439 1.971845 8.682121 -543.227539 -223.788696
27.248430 1.988572 8.075029 -562.405701 -240.256989
27.298422 1.984775 7.946607 -567.272949 -245.739441
27.348413 2.045989 9.264085 -538.347168 -206.896942
27.398405 1.986534 9.623108 -530.912659 -209.094177
27.448397 1.988991 10.819464 -509.806274 -187.589691
27.498388 1.990743 11.461948 -489.416840 -166.916504
27.548380 1.987466 11.154037 -496.967468 -174.997925
27.598372 1.989913 8.799440 -550.193359 -227.827454
27.648363 2.011664 8.234861 -563.478394 -237.588776
27.698355 2.027462 8.217408 -563.976501 -235.527710
27.748346 1.947013 9.096563 -543.463013 -228.046875
27.798338 2.004533 9.659780 -532.670959 -207.936554
27.848330 2.029021 8.515880 -559.895569 -231.194153
27.898321 1.980560 8.695744 -551.708923 -230.858154
27.948313 1.982513 7.938838 -571.099487 -249.932312
27.998304 2.019572 9.046438 -543.500671 -216.329926
28.048296 1.965212 9.827438 -521.140869 -202.776550
28.098288 1.998183 10.144444 -516.379517 -192.673798
28.148279 2.033396 9.314823 -540.410522 -211.000397
28.198271 2.021796 8.630467 -554.931702 -227.400726
28.248262 1.947683 10.031075 -517.426941 -201.902313
28.298254 1.965818 8.891744 -547.348450 -228.885925
28.348246 1.992719 10.591637 -507.770477 -184.950043
28.398237 2.032310 7.601591 -579.767395 -250.533234
28.448229 1.975764 8.490602 -554.465759 -234.391937
28.498220 1.996476 9.141043 -540.794678 -217.365601
28.548212 1.974618 9.709208 -531.731628 -211.843567
28.598204 2.005829 8.845767 -550.251587 -225.307220
28.648195 2.014877 7.578922 -574.400330 -247.990295
28.698187 1.997959 8.644498 -548.935730 -225.266388
28.748178 1.985103 8.570543 -553.757263 -232.170563
28.798170 2.011533 7.799976 -573.746887 -247.878571
28.848162 1.986200 9.952374 -515.483032 -193.718658
28.898153 2.017187 9.990745 -522.091309 -195.306946
28.948145 2.020451 9.303716 -543.123657 -215.810547
28.998137 2.032877 7.839605 -571.708313 -242.382263
29.048128 2.012987 9.578991 -526.827942 -200.723969
29.098120 2.012232 7.958879 -568.773987 -242.792389
29.148111 2.018022 9.085304 -537.474060 -210.554474
29.198103 1.983776 8.269521 -560.608154 -239.236511
29.248095 1.962430 9.354566 -534.791748 -216.878082
29.298086 2.010802 7.727093 -577.850647 -252.100739
29.348078 1.989799 8.939737 -547.175903 -224.828430
29.398069 1.997705 7.877006 -572.464844 -248.836609
29.448061 2.030015 9.132615 -545.343201 -216.480835
29.498053 1.982208 10.753241 -501.622223 -180.504517
29.548044 2.005539 9.190771 -542.929565 -218.032196
29.598036 1.963111 10.204027 -517.781616 -199.757690
29.648027 1.980638 9.502141 -535.212158 -214.348877
29.698019 1.979918 9.187823 -538.226318 -217.479614
29.748011 1.951694 10.377143 -510.364990 -194.190521
29.798002 2.022035 9.308909 -540.718750 -213.149109
29.847994 2.014859 8.735696 -552.369751 -225.962616
29.897985 2.009385 8.346501 -562.174255 -236.653961
29.947977 1.971914 11.138032 -499.085754 -179.635742
29.997969 1.992792 6.177410 -487.505829 -164.673584
30.047960 2.015239 7.054758 -466.717407 -140.248657
30.097952 1.968129 5.026178 -521.387634 -202.550720
30.147943 2.009031 6.577257 -481.548370 -156.085297
30.197935 2.002827 6.103700 -492.726898 -168.268982
30.247927 2.001598 5.500842 -505.918182 -181.659363
30.297918 2.004696 4.691110 -524.202515 -199.441803
30.347910 2.012211 3.736876 -547.620178 -221.641937
30.397902 1.984030 4.753434 -525.654297 -204.241486
30.447893 1.986421 5.613003 -508.431030 -186.630829
30.497885 2.024224 6.081418 -494.458588 -166.534332
30.547876 1.997803 5.322630 -513.861694 -190.217621
30.597868 2.021842 5.088323 -518.799255 -191.260864
30.647860 1.983264 6.029872 -493.174072 -171.885315
30.697851 1.963681 6.003820 -493.717590 -175.601318
30.747843 2.022882 4.766017 -527.149292 -199.442505
30.797834 1.972164 5.697506 -503.963470 -184.472931
30.847826 1.989852 6.053362 -498.880188 -176.524109
30.897818 1.993884 4.897336 -531.455750 -208.446503
30.947809 1.972494 7.116734 -469.869690 -150.325684
30.997801 2.021425 5.939430 -503.719391 -176.248535
31.047792 1.990888 5.824946 -505.163605 -182.639771
31.097784 2.030547 5.215161 -518.869751 -189.921082
31.147776 2.007949 5.190164 -517.263672 -191.975891
31.197767 2.005903 5.444924 -510.444641 -185.488342
31.247759 1.971101 5.560945 -508.941498 -189.623169
31.297750 2.012881 5.999996 -494.320190 -168.233521
31.347742 2.038574 5.166544 -516.877197 -186.628265
31.397734 1.972313 5.229691 -514.937256 -195.422516
31.447725 2.008856 5.514243 -507.187805 -181.753204
31.497717 2.025559 4.695356 -526.775452 -198.634857
31.547709 1.975147 5.161625 -515.691528 -195.717682
31.597700 2.010662 5.487624 -509.200897 -183.473602
31.647692 1.967592 5.604026 -508.093384 -189.343414
31.697683 2.004265 6.409325 -491.097260 -166.406372
31.747675 2.026621 5.920020 -499.341431 -171.028839
31.797667 1.971844 4.808998 -524.496521 -205.057739
31.847658 2.029514 4.317217 -542.269165 -213.487885
31.897650 1.996702 4.224028 -540.439819 -216.974060
31.947641 2.025028 5.497875 -502.886292 -174.831696
31.997633 1.974154 4.635954 -527.625732 -207.812836
32.047642 1.964277 5.933883 -493.569946 -175.357056
32.097652 2.037112 4.640399 -533.022095 -203.009888
32.147663 1.969702 5.792977 -499.434204 -180.342438
32.197674 2.017148 4.819569 -528.006775 -201.228790
32.247684 2.019763 5.131711 -516.599426 -189.397888
32.297695 1.969453 5.179092 -516.081177 -197.029785
32.347706 2.001171 5.993457 -495.530457 -171.340729
32.397717 1.991720 5.043932 -520.679138 -198.020569
32.447727 2.006976 4.956990 -521.965576 -196.835449
32.497738 1.986199 6.153741 -489.567719 -167.803436
32.547749 1.982859 4.901627 -531.557190 -210.333954
32.597759 2.012215 5.864749 -504.603088 -178.624329
32.647770 1.979997 5.752069 -505.165100 -184.405548
32.697781 2.001607 5.566468 -513.885925 -189.625580
32.747791 1.999175 4.984054 -522.051636 -198.185211
32.797802 2.005184 5.347095 -507.625366 -182.785492
32.847813 1.982838 6.064339 -492.374023 -171.154266
32.897823 1.987953 6.459131 -492.404602 -170.356262
32.947834 2.024549 7.505970 -463.473572 -135.496582
32.997845 1.992842 6.085836 -497.984650 -175.144196
33.047855 2.047615 4.893781 -529.067932 -197.354309
33.097866 1.988491 4.977612 -527.109436 -204.973907
33.147877 1.974147 4.784611 -537.252808 -217.440918
33.197887 2.010423 5.917358 -506.336609 -180.648102
33.247898 1.968232 5.821831 -511.035034 -192.181458
33.297909 2.036361 5.891377 -509.014984 -179.124481
33.347919 2.021105 5.758893 -506.619446 -179.200409
33.397930 1.988880 4.603729 -535.592957 -213.394379
33.447941 2.010066 5.110112 -521.818787 -196.188141
33.497952 1.996504 5.706808 -503.882782 -180.449066
33.547962 2.006098 6.062258 -492.783905 -167.795990
33.597973 1.962079 5.430789 -506.015991 -188.159271
33.647984 2.026849 4.271834 -536.170837 -207.821289
33.697994 1.946357 5.900719 -494.204834 -178.894928
33.748005 2.032832 5.381118 -512.040649 -182.721863
33.798016 2.000645 5.714662 -500.286102 -176.181671
33.848026 2.018762 4.822591 -528.801208 -201.761810
33.898037 1.993123 5.928139 -501.644409 -178.758545
33.948048 1.995935 6.350075 -489.594238 -166.252838
33.998058 1.988915 5.402150 -510.823669 -188.619446
34.048069 2.010608 4.861677 -521.368042 -195.649536
34.098080 1.996443 4.212704 -538.701965 -215.278259
34.148090 1.992707 3.862809 -549.290283 -226.471771
34.198101 1.980868 4.822796 -525.044556 -204.143982
34.248112 1.997420 5.265996 -517.419495 -193.837463
34.298122 1.973360 5.882041 -502.485046 -182.800751
34.348133 2.025465 6.040379 -497.889099 -169.763763
34.398144 2.000659 5.413584 -509.154846 -185.048126
34.448154 1.985704 5.632061 -502.955353 -181.271240
34.498165 1.991224 5.485338 -508.612671 -186.034332
34.548176 2.018454 4.363600 -535.170410 -208.180939
34.598186 1.994217 4.396441 -530.207825 -207.144684
34.648197 1.985903 5.662256 -500.343750 -178.627502
34.698208 1.982202 6.977388 -466.587982 -145.471222
34.748219 1.977447 5.460307 -507.607330 -187.260925
34.798229 2.010920 6.667696 -479.340302 -153.571289
34.848240 1.989274 5.381411 -519.070984 -196.808594
34.898251 1.992852 7.227286 -465.256836 -142.414734
34.948261 2.008220 5.380935 -515.890747 -190.559143
34.998272 2.007893 4.816603 -526.401123 -201.122406
35.048283 2.027547 5.444074 -505.394409 -176.931763
35.098293 2.033544 4.231974 -539.176758 -209.742615
35.148304 1.972233 5.461697 -504.148712 -184.646973
35.198315 2.031066 4.499078 -531.774231 -202.741455
35.248325 1.990098 5.226593 -507.897339 -185.501526
35.298336 1.960395 5.079711 -512.837463 -195.253448
35.348347 1.991270 5.575959 -502.121490 -179.535767
35.398357 1.943764 5.437191 -506.615326 -191.725616
35.448368 2.020759 4.881423 -526.563843 -199.200897
35.498379 1.966357 5.113868 -522.415833 -203.865967
35.548389 2.016291 5.152991 -521.546875 -194.907684
35.598400 1.980346 4.088676 -547.626709 -226.810638
35.648411 1.996590 5.223432 -518.531616 -195.083984
35.698421 2.017613 5.918120 -499.427673 -172.574310
35.748432 1.980524 4.113476 -552.324280 -231.479370
35.798443 1.976277 5.995049 -502.722778 -182.565948
35.848454 2.026397 5.321121 -516.358765 -188.082489
35.898464 1.993605 4.269148 -537.101562 -214.137512
35.948475 2.030313 5.334250 -504.540680 -175.630066
35.998486 1.997294 3.869679 -545.442444 -221.880798
36.048496 1.984947 4.353938 -532.851440 -211.290009
36.098507 1.986955 4.546705 -527.934326 -206.047607
36.148518 1.977352 5.139750 -512.416809 -192.085785
36.198528 2.006961 5.104156 -516.971069 -191.843445
36.248539 1.978333 5.337590 -509.746979 -189.257111
36.298550 2.011658 5.263002 -511.581207 -185.692596
36.348560 2.005632 4.425358 -534.914917 -210.002533
36.398571 2.000452 3.927721 -543.490845 -219.417694
36.448582 1.982710 4.183862 -535.488464 -214.289429
36.498592 2.009929 4.416909 -532.166077 -206.557587
36.548603 2.026525 5.913344 -494.131714 -165.834717
36.598614 2.015593 5.709299 -504.516052 -177.990021
36.648624 2.013763 5.142962 -519.098022 -192.868439
36.698635 2.003582 4.289764 -536.985962 -212.405640
36.748646 1.981782 5.412156 -508.523651 -187.475006
36.798656 1.984142 5.067962 -517.022888 -195.591888
36.848667 2.000552 5.771981 -495.337708 -171.248199
36.898678 1.994980 5.041584 -520.055847 -196.869080
36.948689 2.014762 6.396640 -484.082489 -157.691071
36.998699 2.011358 4.783279 -526.091614 -200.251648
37.048710 1.995455 5.457220 -504.405579 -181.141907
37.098721 2.003962 5.688370 -499.841278 -175.199432
37.148731 2.034505 4.453363 -535.219482 -205.629608
37.198742 1.979703 5.710333 -501.917053 -181.205200
37.248753 1.974895 5.204896 -516.451538 -196.518463
37.298763 2.002915 6.138134 -491.045258 -166.573059
37.348774 1.997878 4.837144 -526.600769 -202.944458
37.398785 2.034165 5.762261 -499.333221 -169.798553
37.448795 2.012716 5.203171 -511.536285 -185.476257
37.498806 1.973020 2.356046 -482.351349 -162.722168
37.548817 1.980470 3.084843 -465.177368 -144.341217
37.598827 2.025974 2.908653 -472.646942 -144.439209
37.648838 2.011496 3.379759 -456.728149 -130.865845
37.698849 1.926186 4.210543 -435.353363 -123.311188
37.748859 2.015037 4.835492 -417.102753 -90.666809
37.798870 2.021262 3.632136 -446.847473 -119.402954
37.848881 2.006926 2.809538 -468.362366 -143.240417
37.898891 2.021091 2.405226 -478.225159 -150.808350
37.948902 1.960660 2.412802 -480.764191 -163.137329
37.998913 1.995317 3.481053 -455.066284 -131.825012
38.048923 2.005825 3.152169 -466.667908 -141.724243
38.098934 1.996913 3.145066 -462.320312 -138.820465
38.148945 1.970556 2.673133 -478.187531 -158.957489
38.198956 1.988514 3.546598 -452.683624 -130.544312
38.248966 1.993079 2.373477 -486.372070 -163.493286
38.298977 2.007356 2.847738 -466.916260 -141.724640
38.348988 1.980454 2.969095 -459.473267 -138.639679
38.398998 2.005872 3.582515 -440.754272 -115.803040
38.449009 2.003691 3.260110 -453.181885 -128.583923
38.499020 1.979265 3.554650 -451.023193 -130.382233
38.549030 2.007372 4.031490 -439.962799 -114.768463
38.599041 2.012214 2.782819 -475.896790 -149.918121
38.649052 1.984890 2.853477 -471.794556 -150.242340
38.699062 2.011398 2.503898 -482.580048 -156.733582
38.749073 1.978454 2.235081 -489.738220 -169.228638
38.799084 1.983458 2.852814 -470.080963 -148.760834
38.849094 2.013818 2.752820 -474.403656 -148.165192
38.899105 2.002863 2.945782 -468.490143 -144.026367
38.949116 2.004639 3.017370 -465.670624 -140.919037
38.999126 2.011539 3.454479 -455.325409 -129.456116
39.049137 2.011787 3.254480 -463.658783 -137.749207
39.099148 2.001682 3.072462 -466.147705 -141.875275
39.149158 2.012552 2.977658 -467.471802 -141.438446
39.199169 1.984662 3.410762 -454.781250 -133.266083
39.249180 2.006217 3.250955 -461.140594 -136.133392
39.299191 2.011333 2.466601 -483.147247 -157.311371
39.349201 2.007430 1.988041 -494.691528 -169.487823
39.399212 1.971040 2.683155 -472.824097 -153.515564
39.449223 1.988370 3.290853 -455.451721 -133.335754
39.499233 2.009851 2.990103 -466.317841 -140.722076
39.549244 2.010079 1.877162 -498.134247 -172.501404
39.599255 1.978241 2.456491 -482.405640 -161.930634
39.649265 1.995743 4.164587 -436.854492 -113.544067
39.699276 1.999902 3.909118 -445.046082 -121.061890
39.749287 2.024613 3.529805 -455.731689 -127.744324
39.799297 1.983496 3.413602 -458.306824 -136.980438
39.849308 1.992594 3.656872 -453.932526 -131.132355
39.899319 2.018239 3.806993 -445.390350 -118.435699
39.949329 2.001711 2.183149 -495.110931 -170.833740
39.999340 1.969995 3.609728 -449.460510 -130.321289
40.049351 1.996303 3.226529 -461.949829 -138.548767
40.099361 1.992963 2.440465 -483.503021 -160.642944
40.149372 1.987586 3.231215 -458.515015 -136.526031
40.199383 1.991803 3.525640 -454.847504 -132.175385
40.249393 2.026888 4.109997 -440.682892 -112.327057
40.299404 2.011721 2.955283 -470.275757 -144.376984
40.349415 1.974065 3.187208 -458.199066 -138.400513
40.399426 1.993203 2.713518 -473.087402 -150.188538
40.449436 2.012086 3.280532 -456.423004 -130.464996
40.499447 2.008426 2.512307 -480.225159 -154.860168
40.549458 2.009217 3.064605 -463.213348 -137.720215
40.599468 1.961343 2.932213 -468.468231 -150.730743
40.649479 2.013736 3.247388 -459.306213 -133.080963
40.699490 1.993528 2.451931 -480.668762 -157.717163
40.749500 2.000377 2.785005 -466.794159 -142.733032
40.799511 1.956449 3.310466 -452.829773 -135.885071
40.849522 2.008273 3.322037 -454.891479 -129.551270
40.899532 1.995093 3.239100 -456.920563 -133.715454
40.949543 2.032958 2.593003 -475.144287 -145.805084
40.999554 1.995603 2.183827 -485.776031 -162.488312
41.049564 1.984013 3.917835 -433.709412 -112.299255
41.099575 2.009452 3.566694 -449.476410 -123.945129
41.149586 1.998086 3.419581 -453.407135 -129.717163
41.199596 2.033740 3.269403 -456.178070 -126.712128
41.249607 1.981852 2.922633 -463.574219 -142.514191
41.299618 1.975872 3.538632 -448.198975 -128.107727
41.349628 2.009925 2.945241 -465.645752 -140.037872
41.399639 1.982277 2.780511 -468.992004 -147.863190
41.449650 1.988697 3.179548 -459.950012 -137.781097
41.499660 2.003377 3.165262 -460.726654 -136.179565
41.549671 2.005929 2.573777 -474.666077 -149.705505
41.599682 2.007348 2.668880 -472.425262 -147.234924
41.649693 2.017242 2.794347 -470.190033 -143.396820
41.699703 1.994279 2.293236 -484.153564 -161.080322
41.749714 2.009039 3.190766 -457.755127 -132.290802
41.799725 2.006580 2.486079 -482.886169 -157.820221
41.849735 2.011922 2.672523 -476.331512 -150.400116
41.899746 1.991652 2.622730 -476.398712 -153.751068
41.949757 2.012752 2.589340 -476.979309 -150.913422
41.999767 2.016283 3.247411 -452.102936 -125.465027
42.049778 2.002209 2.478094 -477.088348 -152.730530
42.099789 1.972203 3.175056 -455.707611 -136.210724
42.149799 2.038280 3.274898 -453.479462 -123.278137
42.199810 2.020301 2.715044 -467.007080 -139.718292
42.249821 2.008787 2.205852 -479.962311 -154.538788
42.299831 2.006615 1.787578 -496.984711 -171.913147
42.349842 1.990838 2.985914 -468.389404 -145.873657
42.399853 2.004360 3.357624 -459.549957 -134.843567
42.449863 2.009117 2.497763 -484.163116 -158.686218
42.499874 2.006653 3.040562 -463.393341 -138.315491
42.549885 1.971713 2.558671 -479.685120 -160.267639
42.599895 1.993834 2.362891 -485.813538 -162.812347
42.649906 1.992420 2.422688 -481.842377 -159.070374
42.699917 1.997043 2.178042 -488.159973 -164.639069
42.749928 1.990976 2.693659 -470.914124 -148.375946
42.799938 1.990250 2.734314 -468.458923 -146.038452
42.849949 1.996992 2.878796 -468.623810 -145.111084
42.899960 1.975860 3.410746 -458.687469 -138.598083
42.949970 2.004125 3.209018 -467.102417 -142.434204
42.999981 2.011236 3.573813 -450.304535 -124.484283
43.049992 1.988659 2.805798 -469.908783 -147.746063
43.100002 1.995120 2.561168 -477.981598 -154.772156
43.150013 2.042368 2.974701 -468.407654 -137.543976
43.200024 1.990932 3.278593 -459.771484 -137.240570
43.250034 2.057276 3.278434 -459.519287 -126.240479
43.300045 1.988714 3.558081 -448.039337 -125.867615
43.350056 2.010792 3.862833 -443.436829 -117.688538
43.400066 2.003353 3.454427 -452.786865 -128.243622
43.450077 1.982839 3.070967 -463.254517 -142.034607
43.500088 2.014127 3.324641 -457.638092 -131.349457
43.550098 1.979878 2.852402 -473.124023 -152.383728
43.600109 2.000669 2.719383 -477.268250 -153.159821
43.650120 2.006213 2.918507 -472.300262 -147.293671
43.700130 1.987145 3.176235 -461.825745 -139.908295
43.750141 1.948902 3.028163 -467.093658 -151.371582
43.800152 1.978956 3.489064 -458.672913 -138.082031
43.850163 2.006095 3.901740 -445.346680 -120.359222
43.900173 2.032381 3.716949 -444.725281 -115.479614
43.950184 2.013953 2.520680 -474.005371 -147.744965
44.000195 1.985442 2.575220 -469.643311 -148.001648
44.050205 2.017988 1.649164 -499.753235 -172.839111
44.100216 1.984376 2.537613 -473.726746 -152.257782
44.150227 1.980158 2.957523 -468.498169 -147.712616
44.200237 1.999909 3.408346 -457.729126 -133.743835
44.250248 1.978295 4.223925 -434.706635 -114.222778
44.300259 1.982247 4.779714 -422.685730 -101.561707
44.350269 1.999461 4.262360 -436.415070 -112.502350
44.400280 1.989212 2.963315 -469.254913 -147.002533
44.450291 2.007484 2.787822 -471.552032 -146.339661
44.500301 1.961216 3.461775 -449.139069 -131.422028
44.550312 2.015841 3.660444 -441.621582 -115.055420
44.600323 2.005225 3.070403 -455.675690 -130.829254
44.650333 1.990826 2.640203 -472.060516 -149.546661
44.700344 2.001194 3.423001 -450.806915 -126.613495
44.750355 1.999749 3.143626 -462.212402 -138.253052
44.800365 2.042914 3.045911 -463.102051 -132.149963
44.850376 2.011795 1.463117 -506.436066 -180.525360
44.900387 1.991443 1.823795 -496.545044 -173.931213
44.950397 1.975749 2.619775 -478.265198 -158.193848
45.000408 2.015833 1.532380 -415.909363 -89.344360
45.050419 1.976411 1.514477 -418.149078 -97.970428
45.100430 2.007775 1.535900 -414.864471 -89.604980
45.150440 2.001616 1.856545 -404.311646 -80.049896
45.200451 2.007548 2.228753 -394.233521 -69.010681
45.250462 2.001068 1.685881 -414.189301 -90.016357
45.300472 2.009030 2.374424 -389.302124 -63.839325
45.350483 2.020632 2.072248 -400.673401 -73.331085
45.400494 1.999662 2.018065 -404.057281 -80.112061
45.450504 2.017441 1.659890 -415.573456 -88.748016
45.500515 1.996402 1.812599 -408.919281 -85.502136
45.550526 2.035397 1.708046 -407.410217 -77.675934
45.600536 1.991708 1.013892 -420.581604 -97.924927
45.650547 2.002303 0.790826 -426.798859 -102.425720
45.700558 1.985155 1.634448 -400.754517 -79.159454
45.750568 2.007399 1.376171 -417.904266 -92.705566
45.800579 2.003706 1.792634 -405.971832 -81.371368
45.850590 1.978191 2.079149 -396.459503 -75.992554
45.900600 2.000809 1.600896 -410.589264 -86.458221
45.950611 1.982073 1.611193 -408.427673 -87.331879
46.000622 1.990948 2.229071 -390.622986 -68.089478
46.050632 2.007647 2.056423 -401.593781 -76.354950
46.100643 2.003236 2.016800 -401.964661 -77.440460
46.150654 2.002329 1.918131 -401.682526 -77.305176
46.200665 2.015087 1.740182 -404.286713 -77.842560
46.250675 1.974542 2.386551 -380.788879 -60.913055
46.300686 2.040082 2.137688 -390.731873 -60.238556
46.350697 1.986421 1.416884 -414.192261 -92.391998
46.400707 1.974511 2.240225 -386.594238 -66.723389
46.450718 2.023893 1.663252 -408.439484 -80.568817
46.500729 2.010071 1.705879 -405.771393 -80.139954
46.550739 1.982591 1.735044 -410.950745 -89.770966
46.600750 2.001287 2.880052 -377.139465 -52.931000
46.650761 1.987946 2.718778 -379.195038 -57.147766
46.700771 2.001520 2.217165 -393.158051 -68.911804
46.750782 1.995165 1.985718 -395.609222 -72.392578
46.800793 1.997085 2.233913 -387.598114 -64.070343
46.850803 1.995812 2.429598 -383.104919 -59.783325
46.900814 2.004187 2.614372 -376.096069 -51.417755
46.950825 2.020369 1.390715 -417.403198 -90.103424
47.000835 1.999005 1.352159 -415.435669 -91.596893
47.050846 2.013685 1.061850 -427.995514 -101.778503
47.100857 1.978363 1.897851 -404.439972 -83.945190
47.150867 2.035630 2.005997 -404.169678 -74.397644
47.200878 2.005139 1.568961 -419.623718 -94.791229
47.250889 1.963669 2.234329 -392.433838 -74.319427
47.300900 2.025103 1.403530 -419.895996 -91.829254
47.350910 2.000656 1.480123 -409.558136 -85.451874
47.400921 1.996255 1.314066 -416.143036 -92.749664
47.450932 2.009606 1.900739 -394.207916 -68.651672
47.500942 2.001629 1.131472 -420.608582 -96.344727
47.550953 2.004293 1.746358 -399.570129 -74.874603
47.600964 1.995665 2.002151 -394.217773 -70.920013
47.650974 2.048690 1.631297 -406.064514 -74.176697
47.700985 1.984253 1.371232 -408.733459 -87.284454
47.750996 1.974544 1.208064 -411.965668 -92.089569
47.801006 1.991362 1.371027 -411.636261 -89.035553
47.851017 1.990677 1.704828 -404.756744 -82.267151
47.901028 1.987407 2.307079 -388.202057 -66.242065
47.951038 2.028193 1.890325 -409.698578 -81.131226
48.001049 2.028085 2.221788 -396.459198 -67.909515
48.051060 2.014479 1.430018 -421.603546 -95.257874
48.101070 1.989004 1.828444 -407.082733 -84.864044
48.151081 1.966534 2.156765 -399.785767 -81.207245
48.201092 2.015493 2.069554 -405.767242 -79.257416
48.251102 1.996559 1.936163 -408.159302 -84.716797
48.301113 1.989212 1.771871 -412.870026 -90.617706
48.351124 1.998082 1.957345 -403.442963 -79.753723
48.401134 2.013504 1.746838 -405.323364 -79.135742
48.451145 2.000010 1.275246 -416.816986 -92.815430
48.501156 2.002717 1.471526 -408.132782 -83.692627
48.551167 2.037104 1.630613 -401.807892 -71.796967
48.601177 2.016447 1.349394 -409.750977 -83.086517
48.651188 1.985440 1.148210 -418.975006 -97.333710
48.701199 1.998362 2.171170 -384.063324 -60.328705
48.751209 2.047693 1.570354 -404.541779 -72.815521
48.801220 1.976187 0.950885 -421.451874 -101.309662
48.851231 2.009043 1.382556 -407.555328 -82.090393
48.901241 1.989214 1.645786 -405.350128 -83.097473
48.951252 2.003184 1.968811 -400.384338 -75.868500
49.001263 2.004476 1.780013 -410.563538 -85.838440
49.051273 1.981304 1.832392 -409.750519 -88.779266
49.101284 2.001596 2.317912 -389.804596 -65.545990
49.151295 2.026482 2.232486 -388.364990 -60.074890
49.201305 2.001285 1.574832 -410.054077 -85.845856
49.251316 1.985886 2.260686 -387.123077 -65.409485
49.301327 2.015801 2.294082 -392.337891 -65.778137
49.351337 1.986536 2.310384 -392.549500 -70.730743
49.401348 2.012054 2.917947 -370.509033 -44.556274
49.451359 2.007113 2.072242 -399.899780 -74.747559
49.501369 2.006604 1.489208 -419.238037 -94.168213
49.551380 2.012728 1.410205 -421.005463 -94.943451
49.601391 1.979440 1.822397 -403.781952 -83.112701
49.651402 2.026223 1.293023 -424.626648 -96.378479
49.701412 1.987352 1.409688 -419.936676 -97.985687
49.751423 1.993004 1.670428 -412.659637 -89.792969
49.801434 2.036133 1.994046 -400.979492 -71.125885
49.851444 1.990232 1.460613 -419.272797 -96.855194
49.901455 1.967500 2.349031 -387.124329 -68.389313
49.951466 2.027702 1.468556 -416.163055 -87.675262
50.001476 1.982977 1.260892 -420.807587 -99.565369
50.051487 1.977542 2.291767 -385.671661 -65.309845
50.101498 2.028704 1.938978 -400.000031 -71.349945
50.151508 1.991902 1.413515 -413.189667 -90.501556
50.201519 2.019345 1.088316 -424.915741 -97.781921
50.251530 1.989200 1.730017 -406.110626 -83.860199
50.301540 1.974109 2.485967 -385.155670 -65.349976
50.351551 2.021725 2.058405 -402.250305 -74.730804
50.401562 1.994114 2.219472 -388.142242 -65.095734
50.451572 2.008752 1.652552 -404.442719 -79.024872
50.501583 1.984653 1.668768 -402.063660 -80.549835
50.551594 1.995897 1.856113 -391.902374 -68.567108
50.601604 2.030383 1.404561 -407.961914 -79.039795
50.651615 1.985042 1.394356 -409.447113 -87.870270
50.701626 2.009804 1.619912 -406.704590 -81.116333
50.751637 1.999338 2.057308 -395.049255 -71.156494
50.801647 1.987983 2.065895 -397.996277 -75.943024
50.851658 2.031941 2.436329 -386.342926 -57.168427
50.901669 1.970668 2.081219 -395.746918 -76.498749
50.951679 2.034797 1.941201 -400.645264 -71.008148
51.001690 2.014354 1.905659 -395.200500 -68.875244
51.051701 1.992344 1.719021 -397.252441 -74.492737
51.101711 1.993787 1.302042 -414.584778 -91.591278
51.151722 2.011470 1.737108 -403.426819 -77.568665
51.201733 1.990978 1.654302 -411.345581 -88.807220
51.251743 2.001574 1.535331 -419.091736 -94.836823
51.301754 2.006574 1.698367 -411.726715 -86.661682
51.351765 1.992216 1.919821 -399.109192 -76.370117
51.401775 1.973176 3.095661 -356.399261 -36.744720
51.451786 1.987692 2.369153 -387.743317 -65.737244
51.501797 1.992643 2.214984 -395.012268 -72.204163
51.551807 2.023207 2.548647 -383.934937 -56.175446
51.601818 2.026900 1.608108 -416.679321 -88.321503
51.651829 1.986481 1.948621 -402.449585 -80.639648
51.701839 1.969523 1.961804 -400.012146 -80.949341
51.751850 2.016875 1.262427 -424.137695 -97.403931
51.801861 1.990843 1.792426 -404.316803 -81.800171
51.851871 2.015518 1.700286 -408.547668 -82.033813
51.901882 1.986832 1.724550 -407.126282 -85.259521
51.951893 1.977691 1.819089 -401.091309 -80.705322
52.001904 1.989447 1.277001 -420.059509 -97.769073
52.051914 1.989948 2.093969 -391.201263 -68.829620
52.101925 1.992687 1.629673 -406.614380 -83.799103
52.151936 2.022386 1.816222 -395.786896 -68.160370
52.201946 1.973596 1.205331 -415.427460 -95.704895
52.251957 2.027216 1.843771 -394.470520 -66.061584
52.301968 1.992696 1.806396 -397.082458 -74.265747
52.351978 2.014655 1.698618 -400.968597 -74.594543
52.401989 2.023335 1.143079 -417.990631 -90.210327
52.452000 1.966410 1.796959 -395.012085 -76.453705
52.502010 1.993365 1.306896 -342.070984 -19.145844
52.552021 2.007090 1.137290 -340.983154 -15.834595
52.602032 2.003722 1.014024 -340.329376 -15.726471
52.652042 2.006475 0.708264 -350.824707 -25.775818
52.702053 1.995405 0.636583 -352.199524 -28.943909
52.752064 1.982507 0.858111 -346.047455 -24.881287
52.802074 2.017180 1.186409 -336.451996 -9.668884
52.852085 1.962758 0.988774 -345.382812 -27.416077
52.902096 1.983814 1.353727 -331.874023 -10.496216
52.952106 1.988284 1.234095 -335.156311 -13.054291
53.002117 2.028096 1.239178 -333.023438 -4.471893
53.052128 2.005138 0.923045 -344.621124 -19.788788
53.102139 1.968091 1.268572 -329.213501 -10.382721
53.152149 2.014370 1.365919 -324.771637 1.556366
53.202160 1.992049 1.041345 -336.723450 -14.011505
53.252171 1.988523 1.157153 -332.698975 -10.558228
53.302181 2.007868 1.170090 -335.388428 -10.113892
53.352192 1.998191 1.355755 -329.804840 -6.097961
53.402203 1.997332 1.197591 -336.472748 -12.904999
53.452213 2.001246 1.032668 -341.674561 -17.472626
53.502224 1.989462 1.047340 -337.993164 -15.700256
53.552235 1.995977 1.033547 -336.549164 -13.200836
53.602245 2.005676 1.104047 -331.452179 -6.532654
53.652256 2.002706 0.994076 -333.170959 -8.732605
53.702267 2.016634 0.514300 -351.948242 -25.253479
53.752277 1.988531 0.827664 -340.401642 -18.259674
53.802288 2.031161 0.720603 -350.765442 -21.717438
53.852299 1.987569 0.822807 -345.566467 -23.580353
53.902309 1.999246 1.039776 -341.902771 -18.024963
53.952320 1.982541 1.674371 -322.216919 -1.045197
54.002331 2.010774 1.336367 -338.330322 -12.584930
54.052341 2.005145 1.522116 -328.992615 -4.159119
54.102352 1.994162 1.627816 -322.881073 0.173248
54.152363 2.020474 1.479173 -326.645416 0.671448
54.202374 1.996659 1.163497 -335.296326 -11.837524
54.252384 2.010809 0.794220 -347.314758 -21.563660
54.302395 2.003524 1.027458 -337.287323 -12.716461
54.352406 2.006238 1.494287 -320.552185 4.458374
54.402416 1.997256 1.256209 -328.719818 -5.164368
54.452427 1.995036 0.791971 -345.249725 -22.053833
54.502438 2.006653 0.732134 -346.011505 -20.933716
54.552448 1.998524 0.815768 -345.021057 -21.260101
54.602459 2.012734 0.976630 -342.234711 -16.171814
54.652470 2.008479 0.683475 -354.255341 -28.881805
54.702480 1.995331 0.659005 -357.529846 -34.286163
54.752491 1.999768 1.173478 -339.368591 -15.406097
54.802502 2.030523 0.853240 -352.952942 -24.008148
54.852512 1.988468 0.618342 -363.237457 -41.105591
54.902523 1.996290 1.210598 -343.910309 -20.511261
54.952534 2.001734 1.549122 -334.274139 -9.993134
55.002544 1.989449 1.356402 -339.689362 -17.398621
55.052555 2.008984 0.844733 -354.859833 -29.404388
55.102566 1.990673 0.727150 -354.500885 -32.011902
55.152576 1.997407 0.609299 -358.721161 -35.141174
55.202587 1.978042 1.483081 -317.582825 2.859924
55.252598 1.994350 0.798086 -347.631348 -24.546570
55.302608 1.999544 1.179421 -331.255829 -7.329651
55.352619 1.987266 1.000543 -336.572083 -14.635040
55.402630 2.001204 0.717571 -350.089508 -25.894531
55.452641 1.991084 1.297922 -329.438416 -6.882782
55.502651 2.018180 1.084718 -339.636749 -12.691620
55.552662 2.020346 0.714359 -350.960663 -23.664612
55.602673 2.012655 0.913696 -341.632355 -15.582214
55.652683 2.003026 1.041397 -336.703217 -12.213043
55.702694 1.997625 1.034863 -338.171143 -14.555847
55.752705 1.990328 1.027701 -339.479553 -17.046417
55.802715 2.000994 0.740436 -349.600983 -25.439972
55.852726 1.996043 1.151806 -333.322876 -9.963867
55.902737 2.008407 0.999282 -343.485779 -18.123871
55.952747 1.990538 1.088914 -344.358154 -21.891083
56.002758 2.004303 1.278372 -342.985870 -18.288788
56.052769 1.994474 1.509995 -336.021790 -12.916962
56.102779 2.030355 1.128959 -347.612305 -18.694763
56.152790 1.987411 0.786270 -355.139709 -33.179108
56.202801 1.997679 1.091403 -339.693207 -16.069275
56.252811 1.982217 1.080197 -337.055298 -15.936218
56.302822 2.018509 1.115535 -335.103241 -8.104828
56.352833 2.000296 1.102406 -336.471191 -12.423309
56.402843 2.006654 0.900835 -344.906433 -19.828461
56.452854 2.016421 1.034624 -337.135040 -10.474854
56.502865 1.983752 1.044718 -337.451324 -16.083496
56.552876 2.009221 1.536770 -318.587311 6.906433
56.602886 2.024561 1.096544 -334.356903 -6.378052
56.652897 1.978230 0.946882 -337.038116 -16.564911
56.702908 2.001069 1.120734 -334.790955 -10.617737
56.752918 1.986781 1.499159 -323.585663 -1.727203
56.802929 2.051428 1.446156 -325.338287 6.992981
56.852940 1.978071 1.279046 -327.796417 -7.348969
56.902950 2.030150 0.815789 -346.019196 -17.134918
56.952961 1.967663 0.917680 -339.771637 -21.010193
57.002972 2.002233 1.250767 -323.927856 0.433868
57.052982 2.016576 0.601512 -348.210419 -21.525146
57.102993 1.983965 0.646518 -350.001343 -28.598969
57.153004 1.985438 1.763602 -312.112091 9.528809
57.203014 1.996951 1.855755 -312.119843 11.386230
57.253025 2.023823 1.427023 -323.205658 4.653656
57.303036 2.003692 0.424904 -354.637665 -30.039551
57.353046 1.998856 0.497099 -348.837036 -25.022400
57.403057 1.988293 0.835007 -341.070892 -18.967468
57.453068 1.991762 1.311116 -326.249756 -3.584381
57.503078 1.995315 1.536238 -319.922882 3.318176
57.553089 2.002749 1.181834 -334.256012 -9.810699
57.603100 2.008866 0.741249 -348.786591 -23.350311
57.653111 2.004743 0.248797 -365.033112 -40.264709
57.703121 1.989579 0.699354 -348.135010 -25.823181
57.753132 2.020963 0.905643 -341.659576 -14.263580
57.803143 1.984641 0.867726 -343.942413 -22.430573
57.853153 1.994794 1.189179 -334.282318 -11.125610
57.903164 2.001089 0.975247 -348.157928 -23.981537
57.953175 1.983697 1.434747 -333.572296 -12.213409
58.003185 2.036306 1.457411 -331.036560 -1.154999
58.053196 2.003939 0.746997 -354.053131 -29.415009
58.103207 1.993104 0.662277 -359.394073 -36.511261
58.153217 1.979336 1.284146 -338.619476 -17.966980
58.203228 1.985970 1.473291 -335.869904 -14.142822
58.253239 1.989377 1.543164 -332.915680 -10.636597
58.303249 2.008210 1.364114 -337.241028 -11.911041
58.353260 1.990156 1.556299 -325.943207 -3.537903
58.403271 2.021271 1.309328 -334.831970 -7.386108
58.453281 1.973974 1.178715 -338.795624 -19.011902
58.503292 2.007365 1.733794 -313.182800 12.010345
58.553303 1.995720 1.117926 -340.162323 -16.855713
58.603313 2.011508 1.156148 -341.995667 -16.131378
58.653324 1.998717 1.504084 -329.475494 -5.683380
58.703335 2.012800 1.230357 -341.778473 -15.704956
58.753345 1.995630 1.126047 -343.389313 -20.097229
58.803356 2.007189 1.111518 -341.249817 -16.085205
58.853367 1.992965 0.969081 -342.834808 -19.974518
58.903378 2.021724 0.813895 -347.111389 -19.592010
58.953388 1.997325 0.673205 -353.306519 -29.739868
59.003399 1.982649 1.263624 -329.245361 -8.056183
59.053410 2.021535 0.965145 -340.642792 -13.154144
59.103420 1.990113 0.684316 -348.805145 -26.406921
59.153431 1.980840 1.001220 -337.628693 -16.732544
59.203442 2.005042 1.255840 -329.369690 -4.552887
59.253452 2.006570 1.056684 -335.145111 -10.080719
59.303463 2.000679 0.746472 -342.788574 -18.678558
59.353474 2.003033 0.690602 -344.946625 -20.455200
59.403484 1.988107 0.736015 -347.997498 -25.924164
59.453495 1.980622 1.218252 -332.335327 -11.474548
59.503506 2.021524 1.336615 -330.350220 -2.863312
59.553516 1.977526 1.191654 -336.726562 -16.367401
59.603527 2.012016 1.295640 -330.465851 -4.519318
59.653538 2.017746 1.216293 -329.289429 -2.414490
59.703548 1.988345 0.627828 -350.689423 -28.577576
59.753559 1.991396 0.864073 -338.622620 -16.016418
59.803570 1.982658 0.992280 -336.255341 -15.064819
59.853580 2.004093 1.022895 -341.475311 -16.812256
59.903591 1.995589 1.137041 -337.761505 -14.476166
59.953602 2.004675 0.678414 -355.596008 -30.838684
60.003613 1.992551 0.602603 -285.771545 37.021729
60.053623 2.007717 0.711465 -285.167542 40.082611
60.103634 1.997537 0.665866 -287.704132 35.896820
60.153645 1.996210 0.944692 -270.353882 53.032074
60.203655 2.001552 0.695616 -277.443756 46.807617
60.253666 1.982728 0.515512 -279.501740 41.700256
60.303677 2.002735 0.458429 -281.933411 42.509705
60.353687 1.997933 0.629835 -275.409393 48.255707
60.403698 2.014640 0.834490 -264.001129 62.370605
60.453709 1.992670 0.770477 -259.745819 63.066650
60.503719 1.999851 0.445136 -273.305420 50.670380
60.553730 1.995747 0.504291 -272.922394 50.388580
60.603741 1.970778 0.909542 -259.638092 59.627930
60.653751 1.997483 1.153184 -252.775269 70.816986
60.703762 2.007653 1.024879 -260.339203 64.900513
60.753773 1.974558 1.012353 -255.852844 64.025513
60.803783 2.014241 0.895630 -261.540039 64.766998
60.853794 1.989922 0.786937 -263.424286 58.943115
60.903805 2.015826 0.652869 -267.979767 58.584137
60.953815 2.007361 0.424971 -277.611633 47.580811
61.003826 1.991613 0.485795 -274.342224 48.299011
61.053837 1.995053 0.839062 -258.652466 64.546143
61.103848 2.012640 0.571663 -272.564026 53.483704
61.153858 1.995973 0.484026 -277.813324 45.534332
61.203869 1.988337 0.758957 -268.366302 53.744324
61.253880 1.986753 0.908669 -262.719116 59.134949
61.303890 1.997679 0.584892 -279.069122 44.554901
61.353901 2.000752 0.540824 -278.393585 45.728210
61.403912 1.996731 0.486707 -281.909088 41.561310
61.453922 2.009946 0.749243 -268.219635 57.391602
61.503933 2.004379 0.239215 -295.294037 29.415405
61.553944 1.997890 0.471827 -288.213013 35.445251
61.603954 1.995846 1.092610 -267.034027 56.292999
61.653965 1.998223 1.130499 -272.554810 51.157257
61.703976 1.979900 1.011219 -281.954285 38.789551
61.753986 2.004636 1.464997 -258.696167 66.054779
61.803997 2.036066 1.064607 -277.343262 52.499359
61.854008 2.002909 1.102163 -270.184021 54.287170
61.904018 1.984817 0.862484 -280.040955 41.499390
61.954029 2.021996 0.661687 -285.811981 41.751312
62.004040 1.975383 0.893240 -267.464691 52.547363
62.054050 2.006576 0.749049 -275.533417 49.531891
62.104061 1.990289 0.721351 -275.705658 46.721222
62.154072 2.013322 0.888256 -265.568268 60.589935
62.204082 2.001201 0.621513 -279.033630 45.160889
62.254093 2.000647 0.601635 -282.786316 41.318542
62.304104 1.991339 0.934379 -268.001190 54.595734
62.354115 2.015149 1.108816 -256.773254 69.680878
62.404125 2.005052 0.692376 -270.573242 54.245178
62.454136 1.991639 0.697075 -263.808533 58.836914
62.504147 2.006819 0.354357 -279.762054 45.342560
62.554157 1.988620 0.756665 -259.587891 62.568604
62.604168 1.998088 0.754215 -265.914703 57.775543
62.654179 2.003823 0.889914 -263.083496 61.535797
62.704189 1.987191 0.756133 -275.962585 45.962372
62.754200 2.013983 0.699745 -286.481598 39.783691
62.804211 1.999247 1.245215 -263.048615 60.829376
62.854221 2.008789 1.028190 -274.115967 51.307892
62.904232 1.992847 1.046371 -266.217651 56.623535
62.954243 1.997686 0.802975 -271.533325 52.091827
63.004253 2.007304 0.269246 -294.679474 30.503784
63.054264 1.975503 0.552528 -278.505798 41.525665
63.104275 2.007171 0.791884 -268.159515 57.002136
63.154285 2.005667 0.712045 -275.442780 49.475220
63.204296 1.997114 0.727119 -276.267731 47.264740
63.254307 2.018401 0.792560 -272.857147 54.123749
63.304317 1.996238 0.607301 -281.847168 41.543335
63.354328 1.990853 1.037481 -258.214630 64.303528
63.404339 2.028875 0.701604 -273.977539 54.700165
63.454350 1.985709 0.733181 -269.697662 51.987152
63.504360 2.002373 1.089011 -252.373093 72.011398
63.554371 2.022122 0.798569 -269.673370 57.910370
63.604382 2.004107 0.836248 -270.033417 54.631927
63.654392 2.008729 0.788641 -274.927887 50.486115
63.704403 1.994286 0.779490 -272.397797 50.676483
63.754414 1.995196 0.438993 -284.745392 38.476318
63.804424 1.991057 0.639207 -270.435516 52.115692
63.854435 1.998293 0.807844 -261.479828 62.243683
63.904446 2.001185 0.752107 -262.492676 61.699280
63.954456 1.989105 0.594629 -267.010162 55.224884
64.004463 2.021235 0.522563 -268.155334 59.284760
64.054436 1.995791 0.373224 -274.958832 48.359253
64.104408 1.993240 0.552789 -272.850342 50.054565
64.154381 2.009125 0.917226 -260.074371 65.403900
64.204353 2.002285 0.636089 -280.561127 43.808990
64.254326 2.005983 0.791453 -280.909943 44.059296
64.304298 1.952897 1.757100 -236.780777 79.588608
64.354271 2.014499 1.398647 -259.049622 67.299286
64.404243 2.001303 0.895769 -279.400543 44.810547
64.454216 2.021795 0.898421 -273.929565 53.601257
64.504189 1.994143 0.587359 -283.595093 39.456085
64.554161 2.007550 0.559450 -282.258667 42.964386
64.604134 2.000058 0.572845 -277.815125 46.194275
64.654106 2.006637 0.209274 -292.139771 32.935364
64.704079 1.997076 0.231328 -291.483337 32.042999
64.754051 1.998009 0.710209 -272.739441 50.938019
64.804024 1.980522 0.980176 -264.652191 56.192444
64.853996 2.007090 1.075848 -259.711395 65.437195
64.903969 2.000146 0.746844 -271.289093 52.734497
64.953941 1.997007 0.456875 -283.120239 40.394958
65.003914 1.998244 0.853330 -261.863892 61.851593
65.053886 2.021585 0.403249 -285.848969 41.647736
65.103859 1.997130 0.562469 -276.471893 47.063232
65.153831 1.982570 0.606713 -276.378723 44.797546
65.203804 2.014299 0.457853 -287.336945 38.979492
65.253777 1.992389 0.860121 -268.657135 54.109894
65.303749 2.009711 0.825317 -273.582825 51.990295
65.353722 1.989274 0.914917 -268.945312 53.317017
65.403694 2.023197 0.771431 -275.397858 52.360107
65.453667 1.988363 0.538606 -285.748505 36.366272
65.503639 1.987820 0.672563 -279.927277 42.099579
65.553612 1.999653 0.582532 -281.826965 42.116821
65.603584 1.996120 0.340667 -292.789001 30.582458
65.653557 1.987293 1.066571 -256.601318 65.340088
65.703529 2.005788 1.004799 -265.327423 59.610199
65.753502 2.003715 0.922198 -271.098541 53.503235
65.803474 1.993390 0.957318 -265.290161 57.639038
65.853447 2.002985 0.516366 -284.546234 39.937408
65.903419 1.982826 0.645877 -275.856293 45.361542
65.953392 1.997275 0.871599 -267.675323 55.883301
66.003365 1.979796 0.815468 -274.071594 46.655304
66.053337 2.002968 0.659119 -281.096558 43.384247
66.103310 2.020471 0.858279 -266.592133 60.724121
66.153282 2.018246 0.747370 -271.862366 55.093567
66.203255 1.990651 0.643823 -277.535522 44.949890
66.253227 2.011748 0.701667 -274.447723 51.455383
66.303200 2.001220 0.516269 -284.573029 39.624664
66.353172 1.985709 0.687655 -276.544495 45.140320
66.403145 1.983950 0.814319 -271.714905 49.684998
66.453117 2.005999 0.761373 -272.413666 52.558228
66.503090 2.012852 0.591601 -279.513916 46.568115
66.553062 1.999308 0.315210 -295.920258 27.967590
66.603035 1.993329 0.650047 -284.845917 38.073395
66.653008 2.010836 0.695355 -285.316040 40.439423
66.702980 1.982132 0.687178 -282.152924 38.952484
66.752953 2.017079 0.629592 -278.518799 48.247925
66.802925 1.970050 0.710434 -268.323029 50.825012
66.852898 2.005539 0.716603 -269.006592 55.890717
66.902870 2.017839 0.834477 -262.371887 64.518036
66.952843 2.009262 0.780364 -266.185516 59.314972
67.002815 1.987720 0.844085 -265.082977 56.927612
67.052788 1.986422 1.146230 -250.098877 71.701538
67.102760 2.028738 0.760066 -268.933472 59.722076
67.152733 1.993342 0.493263 -277.784180 45.137238
67.202705 2.010008 0.425280 -281.643494 43.977844
67.252678 1.984490 0.942791 -258.232025 63.255341
67.302650 2.008477 0.673142 -276.578339 48.794983
67.352623 2.007404 0.587855 -279.919800 45.279572
67.402596 2.001721 0.493768 -286.608612 37.670258
67.452568 2.015037 0.857660 -271.229370 55.206635
