N= 2916 - Iteration 1
# Número de partículas:      2916
# Temperatura de referencia: 2.00
# Pasos de equilibración:    500
# Pasos de medición:         1500
# (mediciones cada 10 pasos)
# densidad, volumen, energía potencial media, presión media
1.200000	2430.000000	-16022.301265	28.840068
1.100000	2650.909091	-17296.643573	17.739656
1.000000	2916.000000	-14722.172658	15.216249
0.900000	3240.000000	-14679.581840	9.121950
0.800000	3645.000000	-13868.314801	5.299436
0.700000	4165.714286	-12557.893747	3.026709
0.600000	4860.000000	-10936.505707	1.755378
0.500000	5832.000000	-9180.170617	1.072304
0.400000	7290.000000	-7401.758889	0.708199
# Tiempo total de simulación = 826.203611 segundos
# Tiempo simulado = 108.000000 [fs]
# ns/day = 0.011294
# ns/day*particle = 0.000000
# fs/(sec*N) = 0.000045
# (ps*N)/sec = 381174.804750
prueba de metrica: 10291.719728
# started on Sat Mar 29 16:35:10 2025


 Performance counter stats for './tiny_md':

         826100.39 msec task-clock                       #    1.000 CPUs utilized             
              3929      context-switches                 #    4.756 /sec                      
                24      cpu-migrations                   #    0.029 /sec                      
               145      page-faults                      #    0.176 /sec                      
     2897419158419      cycles                           #    3.507 GHz                       
      153626944362      stalled-cycles-frontend          #    5.30% frontend cycles idle      
     4086885437568      instructions                     #    1.41  insn per cycle            
                                                  #    0.04  stalled cycles per insn   
     1043658057570      branches                         #    1.263 G/sec                     
       38785546656      branch-misses                    #    3.72% of all branches           

     826.245091277 seconds time elapsed

     825.678632000 seconds user
       0.407928000 seconds sys


