N= 4000 - Iteration 1
# Número de partículas:      4000
# Temperatura de referencia: 2.00
# Pasos de equilibración:    500
# Pasos de medición:         1500
# (mediciones cada 10 pasos)
# densidad, volumen, energía potencial media, presión media
1.200000	3333.333333	-21984.385616	28.830365
1.100000	3636.363636	-23740.513096	17.725160
1.000000	4000.000000	-20235.780436	15.165450
0.900000	4444.444444	-20153.580374	9.098978
0.800000	5000.000000	-19027.932823	5.301559
0.700000	5714.285714	-17244.769944	3.020587
0.600000	6666.666667	-14998.638743	1.761882
0.500000	8000.000000	-12618.308966	1.073737
0.400000	10000.000000	-10152.993958	0.705004
# Tiempo total de simulación = 1563.279383 segundos
# Tiempo simulado = 108.000000 [fs]
# ns/day = 0.005969
# ns/day*particle = 0.000000
# fs/(sec*N) = 0.000017
# (ps*N)/sec = 276342.159173
prueba de metrica: 10234.894784
# started on Sat Mar 29 16:48:56 2025


 Performance counter stats for './tiny_md':

        1562907.06 msec task-clock                       #    1.000 CPUs utilized             
              8457      context-switches                 #    5.411 /sec                      
                50      cpu-migrations                   #    0.032 /sec                      
               154      page-faults                      #    0.099 /sec                      
     5323959602906      cycles                           #    3.406 GHz                       
      276389713125      stalled-cycles-frontend          #    5.19% frontend cycles idle      
     7650920766483      instructions                     #    1.44  insn per cycle            
                                                  #    0.04  stalled cycles per insn   
     1960164899871      branches                         #    1.254 G/sec                     
       69677996471      branch-misses                    #    3.55% of all branches           

    1563.356555339 seconds time elapsed

    1562.548037000 seconds user
       0.327937000 seconds sys


