N= 1372 - Iteration 1
# Número de partículas:      1372
# Temperatura de referencia: 2.00
# Pasos de equilibración:    500
# Pasos de medición:         1500
# (mediciones cada 10 pasos)
# densidad, volumen, energía potencial media, presión media
1.200000	1143.333333	-7538.470809	28.841539
1.100000	1247.272727	-8140.798236	17.729049
1.000000	1372.000000	-6925.890209	15.225820
0.900000	1524.444444	-6897.431747	9.145944
0.800000	1715.000000	-6518.163607	5.326263
0.700000	1960.000000	-5916.010809	2.995876
0.600000	2286.666667	-5151.164097	1.753246
0.500000	2744.000000	-4324.768073	1.069331
0.400000	3430.000000	-3472.115633	0.714695
# Tiempo total de simulación = 195.729809 segundos
# Tiempo simulado = 108.000000 [fs]
# ns/day = 0.047674
# ns/day*particle = 0.000000
# fs/(sec*N) = 0.000402
# (ps*N)/sec = 757043.602690
prueba de metrica: 9617.257619
# started on Sat Mar 29 16:26:55 2025


 Performance counter stats for './tiny_md':

         195674.34 msec task-clock                       #    1.000 CPUs utilized             
              1967      context-switches                 #   10.052 /sec                      
                 7      cpu-migrations                   #    0.036 /sec                      
               118      page-faults                      #    0.603 /sec                      
      681215818895      cycles                           #    3.481 GHz                       
       37820318335      stalled-cycles-frontend          #    5.55% frontend cycles idle      
      922430267968      instructions                     #    1.35  insn per cycle            
                                                  #    0.04  stalled cycles per insn   
      232369766988      branches                         #    1.188 G/sec                     
        9565495335      branch-misses                    #    4.12% of all branches           

     195.741667088 seconds time elapsed

     195.534988000 seconds user
       0.131950000 seconds sys


