N= 864 - Iteration 1
# Número de partículas:      864
# Temperatura de referencia: 2.00
# Pasos de equilibración:    500
# Pasos de medición:         1500
# (mediciones cada 10 pasos)
# densidad, volumen, energía potencial media, presión media
1.200000	720.000000	-4751.268689	28.811142
1.100000	785.454545	-5124.108560	17.743728
1.000000	864.000000	-4357.876817	15.246111
0.900000	960.000000	-4340.175627	9.167904
0.800000	1080.000000	-4104.543204	5.345713
0.700000	1234.285714	-3715.506383	3.042968
0.600000	1440.000000	-3244.275640	1.771762
0.500000	1728.000000	-2735.777689	1.067356
0.400000	2160.000000	-2192.469692	0.694625
# Tiempo total de simulación = 78.172239 segundos
# Tiempo simulado = 108.000000 [fs]
# ns/day = 0.119367
# ns/day*particle = 0.000000
# fs/(sec*N) = 0.001599
# (ps*N)/sec = 1193671.831760
prueba de metrica: 9549.374654
# started on Sat Mar 29 16:30:11 2025


 Performance counter stats for './tiny_md':

          78168.21 msec task-clock                       #    1.000 CPUs utilized             
               266      context-switches                 #    3.403 /sec                      
                 2      cpu-migrations                   #    0.026 /sec                      
                99      page-faults                      #    1.266 /sec                      
      280643535516      cycles                           #    3.590 GHz                       
       15831380033      stalled-cycles-frontend          #    5.64% frontend cycles idle      
      373457905810      instructions                     #    1.33  insn per cycle            
                                                  #    0.04  stalled cycles per insn   
       92723864284      branches                         #    1.186 G/sec                     
        4015023679      branch-misses                    #    4.33% of all branches           

      78.178094559 seconds time elapsed

      78.048525000 seconds user
       0.119982000 seconds sys


