N= 2048 - Iteration 1
# Número de partículas:      2048
# Temperatura de referencia: 2.00
# Pasos de equilibración:    500
# Pasos de medición:         1500
# (mediciones cada 10 pasos)
# densidad, volumen, energía potencial media, presión media
1.200000	1706.666667	-11251.208428	28.843396
1.100000	1861.818182	-12149.672002	17.735975
1.000000	2048.000000	-10343.622402	15.209529
0.900000	2275.555556	-10307.667185	9.121101
0.800000	2560.000000	-9748.566798	5.279799
0.700000	2925.714286	-8827.700132	3.020704
0.600000	3413.333333	-7684.885502	1.761222
0.500000	4096.000000	-6445.568246	1.086100
0.400000	5120.000000	-5192.545211	0.708213
# Tiempo total de simulación = 410.035900 segundos
# Tiempo simulado = 108.000000 [fs]
# ns/day = 0.022757
# ns/day*particle = 0.000000
# fs/(sec*N) = 0.000129
# (ps*N)/sec = 539425.938373
prueba de metrica: 10229.114091
# started on Sat Mar 29 16:19:18 2025


 Performance counter stats for './tiny_md':

         409951.04 msec task-clock                       #    1.000 CPUs utilized             
              3369      context-switches                 #    8.218 /sec                      
                12      cpu-migrations                   #    0.029 /sec                      
               128      page-faults                      #    0.312 /sec                      
     1470746172544      cycles                           #    3.588 GHz                       
       79683235763      stalled-cycles-frontend          #    5.42% frontend cycles idle      
     2031678345809      instructions                     #    1.38  insn per cycle            
                                                  #    0.04  stalled cycles per insn   
      516205988684      branches                         #    1.259 G/sec                     
       20175005813      branch-misses                    #    3.91% of all branches           

     410.058731328 seconds time elapsed

     409.748785000 seconds user
       0.191955000 seconds sys


