N= 500 - Iteration 1
# Número de partículas:      500
# Temperatura de referencia: 2.00
# Pasos de equilibración:    500
# Pasos de medición:         1500
# (mediciones cada 10 pasos)
# densidad, volumen, energía potencial media, presión media
1.200000	416.666667	-2747.095039	28.837957
1.100000	454.545455	-2971.502033	17.682243
1.000000	500.000000	-2515.091537	15.317703
0.900000	555.555556	-2521.888017	9.060738
0.800000	625.000000	-2376.275847	5.320117
0.700000	714.285714	-2144.181533	3.089522
0.600000	833.333333	-1875.968308	1.761755
0.500000	1000.000000	-1569.944635	1.072839
0.400000	1250.000000	-1269.922906	0.708344
# Tiempo total de simulación = 31.443520 segundos
# Tiempo simulado = 108.000000 [fs]
# ns/day = 0.296761
# ns/day*particle = 0.000000
# fs/(sec*N) = 0.006869
# (ps*N)/sec = 1717364.957506
prueba de metrica: 15901527.384308
# started on Sat Mar 29 16:14:05 2025


 Performance counter stats for './tiny_md':

         31.442,26 msec task-clock                       #    1,000 CPUs utilized             
               127      context-switches                 #    4,039 /sec                      
                 4      cpu-migrations                   #    0,127 /sec                      
                88      page-faults                      #    2,799 /sec                      
   117.227.726.851      cycles                           #    3,728 GHz                       
   131.116.863.017      instructions                     #    1,12  insn per cycle            
    31.615.836.351      branches                         #    1,006 G/sec                     
     1.657.346.353      branch-misses                    #    5,24% of all branches           

      31,445138996 seconds time elapsed

      31,410522000 seconds user
       0,031997000 seconds sys


N= 500 - Iteration 1
# Número de partículas:      500
# Temperatura de referencia: 2.00
# Pasos de equilibración:    500
# Pasos de medición:         1500
# (mediciones cada 10 pasos)
# densidad, volumen, energía potencial media, presión media
1.200000	416.666667	-2748.289291	28.824921
1.100000	454.545455	-2969.650111	17.699055
1.000000	500.000000	-2547.687370	14.975214
0.900000	555.555556	-2522.135824	9.064137
0.800000	625.000000	-2380.097450	5.290402
0.700000	714.285714	-2149.235842	3.031146
0.600000	833.333333	-1868.871121	1.823901
0.500000	1000.000000	-1580.357442	1.033869
0.400000	1250.000000	-1260.946708	0.705909
# Tiempo total de simulación = 31.248335 segundos
# Tiempo simulado = 108.000000 [fs]
# ns/day = 0.298614
# ns/day*particle = 0.000000
# fs/(sec*N) = 0.006912
# (ps*N)/sec = 1728092.050459
prueba de metrica: 8000.426160
# started on Sat Mar 29 16:15:34 2025


 Performance counter stats for './tiny_md':

         31.248,04 msec task-clock                       #    1,000 CPUs utilized             
               113      context-switches                 #    3,616 /sec                      
                17      cpu-migrations                   #    0,544 /sec                      
                86      page-faults                      #    2,752 /sec                      
   116.610.116.022      cycles                           #    3,732 GHz                       
   131.171.332.781      instructions                     #    1,12  insn per cycle            
    31.637.402.210      branches                         #    1,012 G/sec                     
     1.637.064.527      branch-misses                    #    5,17% of all branches           

      31,250072004 seconds time elapsed

      31,213576000 seconds user
       0,034997000 seconds sys


