N=500 - Iteration 1
# Número de partículas:      500
# Temperatura de referencia: 2.00
# Pasos de equilibración:    500
# Pasos de medición:         1500
# (mediciones cada 10 pasos)
# densidad, volumen, energía potencial media, presión media
1.200000	416.666656	-2747.829590	28.830433
1.100000	454.545441	-2966.725098	17.727715
1.000000	500.000000	-2522.947998	15.237558
0.900000	555.555542	-2515.043945	9.139330
0.800000	625.000000	-2383.196045	5.270671
0.700000	714.285706	-2148.848389	3.047930
0.600000	833.333313	-1877.276855	1.764394
0.500000	1000.000000	-1573.964722	1.083873
0.400000	1250.000000	-1262.006592	0.708031
# Tiempo total de simulación = 24.500000 segundos
# Tiempo simulado = 108.004065 [fs]
prueba de metrica: 10204.082031
# started on Tue Apr 22 22:31:36 2025


 Performance counter stats for './tiny_md':

          24464.44 msec task-clock                       #    1.000 CPUs utilized             
                13      context-switches                 #    0.531 /sec                      
                 0      cpu-migrations                   #    0.000 /sec                      
                84      page-faults                      #    3.434 /sec                      
       88143350393      cycles                           #    3.603 GHz                       
        5991462837      stalled-cycles-frontend          #    6.80% frontend cycles idle      
      112329200698      instructions                     #    1.27  insn per cycle            
                                                  #    0.05  stalled cycles per insn   
       18582312322      branches                         #  759.564 M/sec                     
        1409316058      branch-misses                    #    7.58% of all branches           

      24.466630020 seconds time elapsed

      24.417539000 seconds user
       0.047995000 seconds sys


N=500 - Iteration 2
# Número de partículas:      500
# Temperatura de referencia: 2.00
# Pasos de equilibración:    500
# Pasos de medición:         1500
# (mediciones cada 10 pasos)
# densidad, volumen, energía potencial media, presión media
1.200000	416.666656	-2748.834473	28.817533
1.100000	454.545441	-2971.079834	17.688040
1.000000	500.000000	-2517.255371	15.287326
0.900000	555.555542	-2517.791504	9.112746
0.800000	625.000000	-2375.103271	5.338121
0.700000	714.285706	-2144.534424	3.089527
0.600000	833.333313	-1878.934814	1.760664
0.500000	1000.000000	-1568.580200	1.073524
0.400000	1250.000000	-1264.190674	0.706897
# Tiempo total de simulación = 24.500000 segundos
# Tiempo simulado = 108.004065 [fs]
prueba de metrica: 10204.082031
# started on Tue Apr 22 22:32:01 2025


 Performance counter stats for './tiny_md':

          24454.03 msec task-clock                       #    1.000 CPUs utilized             
               182      context-switches                 #    7.443 /sec                      
                 0      cpu-migrations                   #    0.000 /sec                      
                82      page-faults                      #    3.353 /sec                      
       88383559379      cycles                           #    3.614 GHz                       
        5990485779      stalled-cycles-frontend          #    6.78% frontend cycles idle      
      112332407606      instructions                     #    1.27  insn per cycle            
                                                  #    0.05  stalled cycles per insn   
       18583498882      branches                         #  759.936 M/sec                     
        1412787870      branch-misses                    #    7.60% of all branches           

      24.459710401 seconds time elapsed

      24.406228000 seconds user
       0.047988000 seconds sys


