N=864 - Iteration 1
# Número de partículas:      864
# Temperatura de referencia: 2.00
# Pasos de equilibración:    500
# Pasos de medición:         1500
# (mediciones cada 10 pasos)
# densidad, volumen, energía potencial media, presión media
1.200000	720.000000	-4747.898926	28.828304
1.100000	785.454529	-5129.338867	17.713137
1.000000	864.000000	-4358.770020	15.241812
0.900000	960.000000	-4344.623535	9.144374
0.800000	1080.000000	-4107.282227	5.332107
0.700000	1234.285767	-3722.934082	3.029546
0.600000	1440.000000	-3238.175781	1.787948
0.500000	1728.000000	-2714.402588	1.090660
0.400000	2160.000000	-2193.256104	0.703487
# Tiempo total de simulación = 68.500000 segundos
# Tiempo simulado = 108.004065 [fs]
prueba de metrica: 10897.751953
# started on Tue Apr 22 22:17:45 2025


 Performance counter stats for './tiny_md':

          68671.46 msec task-clock                       #    1.000 CPUs utilized             
               698      context-switches                 #   10.164 /sec                      
                 6      cpu-migrations                   #    0.087 /sec                      
                95      page-faults                      #    1.383 /sec                      
      247805785899      cycles                           #    3.609 GHz                       
       16768912731      stalled-cycles-frontend          #    6.77% frontend cycles idle      
      319633550631      instructions                     #    1.29  insn per cycle            
                                                  #    0.05  stalled cycles per insn   
       54810771826      branches                         #  798.159 M/sec                     
        3968717228      branch-misses                    #    7.24% of all branches           

      68.699908412 seconds time elapsed

      68.597958000 seconds user
       0.071968000 seconds sys


N=864 - Iteration 2
# Número de partículas:      864
# Temperatura de referencia: 2.00
# Pasos de equilibración:    500
# Pasos de medición:         1500
# (mediciones cada 10 pasos)
# densidad, volumen, energía potencial media, presión media
1.200000	720.000000	-4747.754395	28.836399
1.100000	785.454529	-5126.180664	17.733894
1.000000	864.000000	-4350.782715	15.284886
0.900000	960.000000	-4334.299805	9.191051
0.800000	1080.000000	-4110.691895	5.303596
0.700000	1234.285767	-3717.622803	3.040645
0.600000	1440.000000	-3246.170166	1.742469
0.500000	1728.000000	-2720.942871	1.065583
0.400000	2160.000000	-2196.922852	0.695658
# Tiempo total de simulación = 68.500000 segundos
# Tiempo simulado = 108.004065 [fs]
prueba de metrica: 10897.751953
# started on Tue Apr 22 22:18:54 2025


 Performance counter stats for './tiny_md':

          68814.18 msec task-clock                       #    1.000 CPUs utilized             
               239      context-switches                 #    3.473 /sec                      
                 1      cpu-migrations                   #    0.015 /sec                      
                90      page-faults                      #    1.308 /sec                      
      248739750961      cycles                           #    3.615 GHz                       
       16827427858      stalled-cycles-frontend          #    6.77% frontend cycles idle      
      319617639044      instructions                     #    1.28  insn per cycle            
                                                  #    0.05  stalled cycles per insn   
       54807243798      branches                         #  796.453 M/sec                     
        3996585216      branch-misses                    #    7.29% of all branches           

      68.822623411 seconds time elapsed

      68.750117000 seconds user
       0.063990000 seconds sys


