N=864 - Iteration 1
# Número de partículas:      864
# Temperatura de referencia: 2.00
# Pasos de equilibración:    500
# Pasos de medición:         1500
# (mediciones cada 10 pasos)
# densidad, volumen, energía potencial media, presión media
1.200000	720.000000	-4748.711426	28.825212
1.100000	785.454529	-5126.537109	17.735348
1.000000	864.000000	-4358.877441	15.231637
0.900000	960.000000	-4346.871094	9.137077
0.800000	1080.000000	-4105.978516	5.316950
0.700000	1234.285767	-3719.115723	3.030337
0.600000	1440.000000	-3242.526123	1.758715
0.500000	1728.000000	-2725.336426	1.085149
0.400000	2160.000000	-2191.944092	0.709632
# Tiempo total de simulación = 23.000000 segundos
# Tiempo simulado = 108.004065 [fs]
prueba de metrica: 32456.347656
# started on Tue Apr 22 22:31:15 2025


 Performance counter stats for './tiny_md':

          23028.20 msec task-clock                       #    1.000 CPUs utilized             
               254      context-switches                 #   11.030 /sec                      
                 1      cpu-migrations                   #    0.043 /sec                      
                89      page-faults                      #    3.865 /sec                      
       83234763001      cycles                           #    3.614 GHz                       
        1285394273      stalled-cycles-frontend          #    1.54% frontend cycles idle      
      218344484830      instructions                     #    2.62  insn per cycle            
                                                  #    0.01  stalled cycles per insn   
       14490463750      branches                         #  629.249 M/sec                     
         335707868      branch-misses                    #    2.32% of all branches           

      23.035763775 seconds time elapsed

      22.956500000 seconds user
       0.071976000 seconds sys


N=864 - Iteration 2
# Número de partículas:      864
# Temperatura de referencia: 2.00
# Pasos de equilibración:    500
# Pasos de medición:         1500
# (mediciones cada 10 pasos)
# densidad, volumen, energía potencial media, presión media
1.200000	720.000000	-4749.975098	28.816778
1.100000	785.454529	-5130.630371	17.709148
1.000000	864.000000	-4366.487305	15.183607
0.900000	960.000000	-4349.582520	9.120254
0.800000	1080.000000	-4108.741211	5.301083
0.700000	1234.285767	-3720.626709	3.020428
0.600000	1440.000000	-3240.270508	1.766381
0.500000	1728.000000	-2722.774902	1.086492
0.400000	2160.000000	-2198.915039	0.691104
# Tiempo total de simulación = 23.000000 segundos
# Tiempo simulado = 108.004065 [fs]
prueba de metrica: 32456.347656
# started on Tue Apr 22 22:31:38 2025


 Performance counter stats for './tiny_md':

          23100.39 msec task-clock                       #    1.000 CPUs utilized             
               263      context-switches                 #   11.385 /sec                      
                 1      cpu-migrations                   #    0.043 /sec                      
                89      page-faults                      #    3.853 /sec                      
       83212351259      cycles                           #    3.602 GHz                       
        1284417896      stalled-cycles-frontend          #    1.54% frontend cycles idle      
      218350566443      instructions                     #    2.62  insn per cycle            
                                                  #    0.01  stalled cycles per insn   
       14490882215      branches                         #  627.300 M/sec                     
         334860728      branch-misses                    #    2.31% of all branches           

      23.109310447 seconds time elapsed

      23.032224000 seconds user
       0.067965000 seconds sys


