N=2916 - Iteration 1
# Número de partículas:      2916
# Temperatura de referencia: 2.00
# Pasos de equilibración:    500
# Pasos de medición:         1500
# (mediciones cada 10 pasos)
# densidad, volumen, energía potencial media, presión media
1.200000	2430.000000	-16032.611328	28.816969
1.100000	2650.908936	-17304.164062	17.727568
1.000000	2916.000000	-14715.160156	15.233169
0.900000	3240.000000	-14702.723633	9.084163
0.800000	3645.000000	-13868.926758	5.299749
0.700000	4165.714355	-12554.157227	3.015288
0.600000	4860.000000	-10933.694336	1.760737
0.500000	5832.000000	-9188.565430	1.068449
0.400000	7290.000000	-7395.005859	0.701120
# Tiempo total de simulación = 199.000000 segundos
# Tiempo simulado = 108.004065 [fs]
prueba de metrica: 42728.925781
# started on Tue Apr 22 22:32:09 2025


 Performance counter stats for './tiny_md':

         198966.54 msec task-clock                       #    1.000 CPUs utilized             
              1960      context-switches                 #    9.851 /sec                      
                 1      cpu-migrations                   #    0.005 /sec                      
               115      page-faults                      #    0.578 /sec                      
      713022559291      cycles                           #    3.584 GHz                       
        4381573938      stalled-cycles-frontend          #    0.61% frontend cycles idle      
     2301775211005      instructions                     #    3.23  insn per cycle            
                                                  #    0.00  stalled cycles per insn   
      157235181585      branches                         #  790.259 M/sec                     
        1180822904      branch-misses                    #    0.75% of all branches           

     199.027806400 seconds time elapsed

     198.742569000 seconds user
       0.215933000 seconds sys


