N=108 - Iteration 1
# Número de partículas:      108
# Temperatura de referencia: 2.00
# Pasos de equilibración:    500
# Pasos de medición:         1500
# (mediciones cada 10 pasos)
# densidad, volumen, energía potencial media, presión media
1.200000	90.000000	-590.868896	29.096142
1.100000	98.181816	-640.186279	17.816219
1.000000	108.000000	-563.911743	14.265467
0.900000	120.000000	-540.091309	9.286551
0.800000	135.000000	-513.338196	5.308377
0.700000	154.285721	-463.181152	3.112357
0.600000	180.000000	-402.507538	1.813923
0.500000	216.000000	-338.138092	1.078650
0.400000	270.000000	-273.995056	0.673941
# Tiempo total de simulación = 1.000000 segundos
# Tiempo simulado = 108.004065 [fs]
prueba de metrica: 11664.000000
# started on Tue Apr 22 22:17:43 2025


 Performance counter stats for './tiny_md':

            936.32 msec task-clock                       #    0.999 CPUs utilized             
                10      context-switches                 #   10.680 /sec                      
                 0      cpu-migrations                   #    0.000 /sec                      
                82      page-faults                      #   87.577 /sec                      
        3360743742      cycles                           #    3.589 GHz                       
         166139935      stalled-cycles-frontend          #    4.94% frontend cycles idle      
        7342013528      instructions                     #    2.18  insn per cycle            
                                                  #    0.02  stalled cycles per insn   
         966598343      branches                         #    1.032 G/sec                     
          26991903      branch-misses                    #    2.79% of all branches           

       0.937532618 seconds time elapsed

       0.925358000 seconds user
       0.012017000 seconds sys


N=108 - Iteration 2
# Número de partículas:      108
# Temperatura de referencia: 2.00
# Pasos de equilibración:    500
# Pasos de medición:         1500
# (mediciones cada 10 pasos)
# densidad, volumen, energía potencial media, presión media
1.200000	90.000000	-591.842285	29.044163
1.100000	98.181816	-643.237427	17.672258
1.000000	108.000000	-580.611328	13.493340
0.900000	120.000000	-545.350708	9.016526
0.800000	135.000000	-514.490723	5.268347
0.700000	154.285721	-463.757874	3.022266
0.600000	180.000000	-407.385498	1.686764
0.500000	216.000000	-340.335541	1.065604
0.400000	270.000000	-271.930359	0.711953
# Tiempo total de simulación = 1.000000 segundos
# Tiempo simulado = 108.004065 [fs]
prueba de metrica: 11664.000000
# started on Tue Apr 22 22:17:44 2025


 Performance counter stats for './tiny_md':

            941.33 msec task-clock                       #    0.999 CPUs utilized             
                 8      context-switches                 #    8.499 /sec                      
                 0      cpu-migrations                   #    0.000 /sec                      
                78      page-faults                      #   82.861 /sec                      
        3372988217      cycles                           #    3.583 GHz                       
         166528665      stalled-cycles-frontend          #    4.94% frontend cycles idle      
        7342113452      instructions                     #    2.18  insn per cycle            
                                                  #    0.02  stalled cycles per insn   
         966637669      branches                         #    1.027 G/sec                     
          27463917      branch-misses                    #    2.84% of all branches           

       0.942552907 seconds time elapsed

       0.934480000 seconds user
       0.008021000 seconds sys


