N=256 - Iteration 1
# Número de partículas:      256
# Temperatura de referencia: 2.00
# Pasos de equilibración:    500
# Pasos de medición:         1500
# (mediciones cada 10 pasos)
# densidad, volumen, energía potencial media, presión media
1.200000	213.333328	-1408.525879	28.797581
1.100000	232.727264	-1517.142212	17.758598
1.000000	256.000000	-1290.647705	15.253932
0.900000	284.444458	-1284.871948	9.206275
0.800000	320.000000	-1218.146606	5.314085
0.700000	365.714294	-1102.256714	3.018860
0.600000	426.666656	-959.763733	1.740093
0.500000	512.000000	-805.348938	1.066050
0.400000	640.000000	-649.949890	0.722135
# Tiempo total de simulación = 6.500000 segundos
# Tiempo simulado = 108.004065 [fs]
prueba de metrica: 10082.461914
# started on Tue Apr 22 22:20:03 2025


 Performance counter stats for './tiny_md':

           6745.46 msec task-clock                       #    1.000 CPUs utilized             
                71      context-switches                 #   10.526 /sec                      
                 0      cpu-migrations                   #    0.000 /sec                      
                81      page-faults                      #   12.008 /sec                      
       24402770821      cycles                           #    3.618 GHz                       
        1655942911      stalled-cycles-frontend          #    6.79% frontend cycles idle      
       32620146306      instructions                     #    1.34  insn per cycle            
                                                  #    0.05  stalled cycles per insn   
        5013399850      branches                         #  743.226 M/sec                     
         366524291      branch-misses                    #    7.31% of all branches           

       6.748553437 seconds time elapsed

       6.725878000 seconds user
       0.019993000 seconds sys


N=256 - Iteration 2
# Número de partículas:      256
# Temperatura de referencia: 2.00
# Pasos de equilibración:    500
# Pasos de medición:         1500
# (mediciones cada 10 pasos)
# densidad, volumen, energía potencial media, presión media
1.200000	213.333328	-1408.714355	28.785772
1.100000	232.727264	-1519.077026	17.718456
1.000000	256.000000	-1293.305420	15.199311
0.900000	284.444458	-1285.339111	9.173374
0.800000	320.000000	-1221.532593	5.254182
0.700000	365.714294	-1098.377563	3.063200
0.600000	426.666656	-960.994080	1.767135
0.500000	512.000000	-807.570862	1.086818
0.400000	640.000000	-647.346069	0.710305
# Tiempo total de simulación = 6.500000 segundos
# Tiempo simulado = 108.004065 [fs]
prueba de metrica: 10082.461914
# started on Tue Apr 22 22:20:10 2025


 Performance counter stats for './tiny_md':

           6790.76 msec task-clock                       #    0.999 CPUs utilized             
                84      context-switches                 #   12.370 /sec                      
                 0      cpu-migrations                   #    0.000 /sec                      
                79      page-faults                      #   11.633 /sec                      
       24509722846      cycles                           #    3.609 GHz                       
        1666674005      stalled-cycles-frontend          #    6.80% frontend cycles idle      
       32623310025      instructions                     #    1.33  insn per cycle            
                                                  #    0.05  stalled cycles per insn   
        5013617992      branches                         #  738.300 M/sec                     
         368008378      branch-misses                    #    7.34% of all branches           

       6.795484233 seconds time elapsed

       6.763298000 seconds user
       0.027997000 seconds sys


