N=2916 - Iteration 1
# Número de partículas:      2916
# Temperatura de referencia: 2.00
# Pasos de equilibración:    500
# Pasos de medición:         1500
# (mediciones cada 10 pasos)
# densidad, volumen, energía potencial media, presión media
1.200000	2430.000000	-16019.181641	28.843014
1.100000	2650.908936	-17300.015625	17.735968
1.000000	2916.000000	-14785.815430	15.107360
0.900000	3240.000000	-14679.500000	9.121734
0.800000	3645.000000	-13886.566406	5.276531
0.700000	4165.714355	-12568.762695	3.016977
0.600000	4860.000000	-10939.306641	1.766666
0.500000	5832.000000	-9203.812500	1.065802
0.400000	7290.000000	-7393.666016	0.706775
# Tiempo total de simulación = 679.000000 segundos
# Tiempo simulado = 108.004065 [fs]
prueba de metrica: 12522.910156
# started on Tue Apr 22 22:20:17 2025


 Performance counter stats for './tiny_md':

         678993.01 msec task-clock                       #    1.000 CPUs utilized             
              7351      context-switches                 #   10.826 /sec                      
                13      cpu-migrations                   #    0.019 /sec                      
               110      page-faults                      #    0.162 /sec                      
     2450939442583      cycles                           #    3.610 GHz                       
      155394559030      stalled-cycles-frontend          #    6.34% frontend cycles idle      
     3465507183297      instructions                     #    1.41  insn per cycle            
                                                  #    0.04  stalled cycles per insn   
      616572563148      branches                         #  908.069 M/sec                     
       38371177432      branch-misses                    #    6.22% of all branches           

     679.246175324 seconds time elapsed

     678.666474000 seconds user
       0.299891000 seconds sys


